{"D:\\IT\\React\\_PRACTICE\\RS-School-React\\next.config.mjs": {"path":"D:\\IT\\React\\_PRACTICE\\RS-School-React\\next.config.mjs","all":true,"statementMap":{"0":{"start":{"line":1,"column":0},"end":{"line":1,"column":40}},"1":{"start":{"line":2,"column":0},"end":{"line":2,"column":20}},"2":{"start":{"line":3,"column":0},"end":{"line":3,"column":72}},"3":{"start":{"line":4,"column":0},"end":{"line":4,"column":2}},"4":{"start":{"line":5,"column":0},"end":{"line":5,"column":0}},"5":{"start":{"line":6,"column":0},"end":{"line":6,"column":26}}},"s":{"0":0,"1":0,"2":0,"3":0,"4":0,"5":0},"branchMap":{"0":{"type":"branch","line":1,"loc":{"start":{"line":1,"column":0},"end":{"line":6,"column":14}},"locations":[{"start":{"line":1,"column":0},"end":{"line":6,"column":14}}]}},"b":{"0":[0]},"fnMap":{"0":{"name":"(empty-report)","decl":{"start":{"line":1,"column":0},"end":{"line":6,"column":14}},"loc":{"start":{"line":1,"column":0},"end":{"line":6,"column":14}},"line":1}},"f":{"0":0}}
,"D:\\IT\\React\\_PRACTICE\\RS-School-React\\src\\ThemeProvider.tsx": {"path":"D:\\IT\\React\\_PRACTICE\\RS-School-React\\src\\ThemeProvider.tsx","all":false,"statementMap":{"0":{"start":{"line":1,"column":0},"end":{"line":1,"column":13}},"1":{"start":{"line":2,"column":0},"end":{"line":2,"column":62}},"8":{"start":{"line":9,"column":0},"end":{"line":9,"column":67}},"9":{"start":{"line":10,"column":0},"end":{"line":10,"column":17}},"10":{"start":{"line":11,"column":0},"end":{"line":11,"column":21}},"11":{"start":{"line":12,"column":0},"end":{"line":12,"column":3}},"13":{"start":{"line":14,"column":0},"end":{"line":14,"column":66}},"14":{"start":{"line":15,"column":0},"end":{"line":15,"column":46}},"16":{"start":{"line":17,"column":0},"end":{"line":17,"column":19}},"17":{"start":{"line":18,"column":0},"end":{"line":18,"column":47}},"18":{"start":{"line":19,"column":0},"end":{"line":19,"column":14}},"20":{"start":{"line":21,"column":0},"end":{"line":21,"column":10}},"21":{"start":{"line":22,"column":0},"end":{"line":22,"column":55}},"22":{"start":{"line":23,"column":0},"end":{"line":23,"column":16}},"23":{"start":{"line":24,"column":0},"end":{"line":24,"column":28}},"25":{"start":{"line":26,"column":0},"end":{"line":26,"column":2}},"27":{"start":{"line":28,"column":0},"end":{"line":28,"column":29}}},"s":{"0":1,"1":1,"8":1,"9":1,"10":1,"11":1,"13":1,"14":2,"16":2,"17":2,"18":2,"20":2,"21":2,"22":2,"23":2,"25":2,"27":1},"branchMap":{"0":{"type":"branch","line":14,"loc":{"start":{"line":14,"column":22},"end":{"line":26,"column":2}},"locations":[{"start":{"line":14,"column":22},"end":{"line":26,"column":2}}]},"1":{"type":"branch","line":17,"loc":{"start":{"line":17,"column":12},"end":{"line":19,"column":5}},"locations":[{"start":{"line":17,"column":12},"end":{"line":19,"column":5}}]}},"b":{"0":[2],"1":[2]},"fnMap":{"0":{"name":"setTheme","decl":{"start":{"line":11,"column":12},"end":{"line":11,"column":21}},"loc":{"start":{"line":11,"column":12},"end":{"line":11,"column":21}},"line":11},"1":{"name":"ThemeProvider","decl":{"start":{"line":14,"column":22},"end":{"line":26,"column":2}},"loc":{"start":{"line":14,"column":22},"end":{"line":26,"column":2}},"line":14}},"f":{"0":0,"1":2}}
,"D:\\IT\\React\\_PRACTICE\\RS-School-React\\src\\__mocks__\\handlers.ts": {"path":"D:\\IT\\React\\_PRACTICE\\RS-School-React\\src\\__mocks__\\handlers.ts","all":false,"statementMap":{"0":{"start":{"line":1,"column":0},"end":{"line":1,"column":48}},"1":{"start":{"line":2,"column":0},"end":{"line":2,"column":39}},"3":{"start":{"line":4,"column":0},"end":{"line":4,"column":34}},"4":{"start":{"line":5,"column":0},"end":{"line":5,"column":60}},"5":{"start":{"line":6,"column":0},"end":{"line":6,"column":18}},"6":{"start":{"line":7,"column":0},"end":{"line":7,"column":30}},"7":{"start":{"line":8,"column":0},"end":{"line":8,"column":15}},"8":{"start":{"line":9,"column":0},"end":{"line":9,"column":16}},"9":{"start":{"line":10,"column":0},"end":{"line":10,"column":9}},"10":{"start":{"line":11,"column":0},"end":{"line":11,"column":25}},"11":{"start":{"line":12,"column":0},"end":{"line":12,"column":43}},"12":{"start":{"line":13,"column":0},"end":{"line":13,"column":60}},"13":{"start":{"line":14,"column":0},"end":{"line":14,"column":26}},"14":{"start":{"line":15,"column":0},"end":{"line":15,"column":32}},"15":{"start":{"line":16,"column":0},"end":{"line":16,"column":41}},"16":{"start":{"line":17,"column":0},"end":{"line":17,"column":36}},"17":{"start":{"line":18,"column":0},"end":{"line":18,"column":20}},"18":{"start":{"line":19,"column":0},"end":{"line":19,"column":26}},"19":{"start":{"line":20,"column":0},"end":{"line":20,"column":38}},"20":{"start":{"line":21,"column":0},"end":{"line":21,"column":10}},"21":{"start":{"line":22,"column":0},"end":{"line":22,"column":8}},"22":{"start":{"line":23,"column":0},"end":{"line":23,"column":7}},"23":{"start":{"line":24,"column":0},"end":{"line":24,"column":5}},"24":{"start":{"line":25,"column":0},"end":{"line":25,"column":62}},"25":{"start":{"line":26,"column":0},"end":{"line":26,"column":18}},"26":{"start":{"line":27,"column":0},"end":{"line":27,"column":30}},"27":{"start":{"line":28,"column":0},"end":{"line":28,"column":21}},"28":{"start":{"line":29,"column":0},"end":{"line":29,"column":39}},"29":{"start":{"line":30,"column":0},"end":{"line":30,"column":56}},"30":{"start":{"line":31,"column":0},"end":{"line":31,"column":22}},"31":{"start":{"line":32,"column":0},"end":{"line":32,"column":28}},"32":{"start":{"line":33,"column":0},"end":{"line":33,"column":37}},"33":{"start":{"line":34,"column":0},"end":{"line":34,"column":32}},"34":{"start":{"line":35,"column":0},"end":{"line":35,"column":16}},"35":{"start":{"line":36,"column":0},"end":{"line":36,"column":22}},"36":{"start":{"line":37,"column":0},"end":{"line":37,"column":7}},"37":{"start":{"line":38,"column":0},"end":{"line":38,"column":4}},"38":{"start":{"line":39,"column":0},"end":{"line":39,"column":2}}},"s":{"0":1,"1":1,"3":1,"4":1,"5":4,"6":4,"7":4,"8":4,"9":4,"10":4,"11":4,"12":4,"13":4,"14":4,"15":4,"16":4,"17":4,"18":4,"19":4,"20":4,"21":4,"22":4,"23":1,"24":1,"25":2,"26":2,"27":2,"28":2,"29":2,"30":2,"31":2,"32":2,"33":2,"34":2,"35":2,"36":2,"37":1,"38":1},"branchMap":{"0":{"type":"branch","line":5,"loc":{"start":{"line":5,"column":47},"end":{"line":24,"column":3}},"locations":[{"start":{"line":5,"column":47},"end":{"line":24,"column":3}}]},"1":{"type":"branch","line":25,"loc":{"start":{"line":25,"column":49},"end":{"line":38,"column":3}},"locations":[{"start":{"line":25,"column":49},"end":{"line":38,"column":3}}]}},"b":{"0":[4],"1":[2]},"fnMap":{},"f":{}}
,"D:\\IT\\React\\_PRACTICE\\RS-School-React\\src\\app\\layout.tsx": {"path":"D:\\IT\\React\\_PRACTICE\\RS-School-React\\src\\app\\layout.tsx","all":true,"statementMap":{"0":{"start":{"line":1,"column":0},"end":{"line":1,"column":13}},"2":{"start":{"line":3,"column":0},"end":{"line":3,"column":45}},"3":{"start":{"line":4,"column":0},"end":{"line":4,"column":39}},"4":{"start":{"line":5,"column":0},"end":{"line":5,"column":39}},"5":{"start":{"line":6,"column":0},"end":{"line":6,"column":29}},"7":{"start":{"line":8,"column":0},"end":{"line":8,"column":36}},"8":{"start":{"line":9,"column":0},"end":{"line":9,"column":11}},"9":{"start":{"line":10,"column":0},"end":{"line":10,"column":4}},"11":{"start":{"line":12,"column":0},"end":{"line":12,"column":4}},"12":{"start":{"line":13,"column":0},"end":{"line":13,"column":10}},"13":{"start":{"line":14,"column":0},"end":{"line":14,"column":28}},"14":{"start":{"line":15,"column":0},"end":{"line":15,"column":21}},"15":{"start":{"line":16,"column":0},"end":{"line":16,"column":24}},"16":{"start":{"line":17,"column":0},"end":{"line":17,"column":33}},"17":{"start":{"line":18,"column":0},"end":{"line":18,"column":15}},"18":{"start":{"line":19,"column":0},"end":{"line":19,"column":22}},"19":{"start":{"line":20,"column":0},"end":{"line":20,"column":15}},"21":{"start":{"line":22,"column":0},"end":{"line":22,"column":1}}},"s":{"0":0,"2":0,"3":0,"4":0,"5":0,"7":0,"8":0,"9":0,"11":0,"12":0,"13":0,"14":0,"15":0,"16":0,"17":0,"18":0,"19":0,"21":0},"branchMap":{"0":{"type":"branch","line":1,"loc":{"start":{"line":1,"column":489},"end":{"line":22,"column":1}},"locations":[{"start":{"line":1,"column":489},"end":{"line":22,"column":1}}]}},"b":{"0":[0]},"fnMap":{"0":{"name":"(empty-report)","decl":{"start":{"line":1,"column":489},"end":{"line":22,"column":1}},"loc":{"start":{"line":1,"column":489},"end":{"line":22,"column":1}},"line":1}},"f":{"0":0}}
,"D:\\IT\\React\\_PRACTICE\\RS-School-React\\src\\app\\loading.tsx": {"path":"D:\\IT\\React\\_PRACTICE\\RS-School-React\\src\\app\\loading.tsx","all":true,"statementMap":{"0":{"start":{"line":1,"column":0},"end":{"line":1,"column":42}},"1":{"start":{"line":2,"column":0},"end":{"line":2,"column":35}},"2":{"start":{"line":3,"column":0},"end":{"line":3,"column":20}},"3":{"start":{"line":4,"column":0},"end":{"line":4,"column":1}}},"s":{"0":0,"1":0,"2":0,"3":0},"branchMap":{"0":{"type":"branch","line":1,"loc":{"start":{"line":1,"column":0},"end":{"line":4,"column":-84}},"locations":[{"start":{"line":1,"column":0},"end":{"line":4,"column":-84}}]}},"b":{"0":[0]},"fnMap":{"0":{"name":"(empty-report)","decl":{"start":{"line":1,"column":0},"end":{"line":4,"column":-84}},"loc":{"start":{"line":1,"column":0},"end":{"line":4,"column":-84}},"line":1}},"f":{"0":0}}
,"D:\\IT\\React\\_PRACTICE\\RS-School-React\\src\\app\\not-found.tsx": {"path":"D:\\IT\\React\\_PRACTICE\\RS-School-React\\src\\app\\not-found.tsx","all":true,"statementMap":{"0":{"start":{"line":1,"column":0},"end":{"line":1,"column":29}},"2":{"start":{"line":3,"column":0},"end":{"line":3,"column":36}},"3":{"start":{"line":4,"column":0},"end":{"line":4,"column":10}},"4":{"start":{"line":5,"column":0},"end":{"line":5,"column":9}},"5":{"start":{"line":6,"column":0},"end":{"line":6,"column":24}},"6":{"start":{"line":7,"column":0},"end":{"line":7,"column":46}},"7":{"start":{"line":8,"column":0},"end":{"line":8,"column":39}},"8":{"start":{"line":9,"column":0},"end":{"line":9,"column":10}},"10":{"start":{"line":11,"column":0},"end":{"line":11,"column":1}}},"s":{"0":0,"2":0,"3":0,"4":0,"5":0,"6":0,"7":0,"8":0,"10":0},"branchMap":{"0":{"type":"branch","line":1,"loc":{"start":{"line":1,"column":0},"end":{"line":11,"column":-159}},"locations":[{"start":{"line":1,"column":0},"end":{"line":11,"column":-159}}]}},"b":{"0":[0]},"fnMap":{"0":{"name":"(empty-report)","decl":{"start":{"line":1,"column":0},"end":{"line":11,"column":-159}},"loc":{"start":{"line":1,"column":0},"end":{"line":11,"column":-159}},"line":1}},"f":{"0":0}}
,"D:\\IT\\React\\_PRACTICE\\RS-School-React\\src\\app\\page.tsx": {"path":"D:\\IT\\React\\_PRACTICE\\RS-School-React\\src\\app\\page.tsx","all":false,"statementMap":{"0":{"start":{"line":1,"column":0},"end":{"line":1,"column":13}},"1":{"start":{"line":2,"column":0},"end":{"line":2,"column":56}},"2":{"start":{"line":3,"column":0},"end":{"line":3,"column":50}},"3":{"start":{"line":4,"column":0},"end":{"line":4,"column":42}},"4":{"start":{"line":5,"column":0},"end":{"line":5,"column":48}},"5":{"start":{"line":6,"column":0},"end":{"line":6,"column":46}},"6":{"start":{"line":7,"column":0},"end":{"line":7,"column":75}},"7":{"start":{"line":8,"column":0},"end":{"line":8,"column":33}},"8":{"start":{"line":9,"column":0},"end":{"line":9,"column":43}},"10":{"start":{"line":11,"column":0},"end":{"line":11,"column":39}},"11":{"start":{"line":12,"column":0},"end":{"line":12,"column":44}},"12":{"start":{"line":13,"column":0},"end":{"line":13,"column":4}},"14":{"start":{"line":15,"column":0},"end":{"line":15,"column":10}},"15":{"start":{"line":16,"column":0},"end":{"line":16,"column":19}},"16":{"start":{"line":17,"column":0},"end":{"line":17,"column":61}},"17":{"start":{"line":18,"column":0},"end":{"line":18,"column":55}},"18":{"start":{"line":19,"column":0},"end":{"line":19,"column":60}},"19":{"start":{"line":20,"column":0},"end":{"line":20,"column":14}},"20":{"start":{"line":21,"column":0},"end":{"line":21,"column":71}},"21":{"start":{"line":22,"column":0},"end":{"line":22,"column":70}},"22":{"start":{"line":23,"column":0},"end":{"line":23,"column":12}},"23":{"start":{"line":24,"column":0},"end":{"line":24,"column":20}},"25":{"start":{"line":26,"column":0},"end":{"line":26,"column":1}}},"s":{"0":1,"1":1,"2":1,"3":1,"4":1,"5":1,"6":5,"7":5,"8":5,"10":5,"11":5,"12":5,"14":5,"15":5,"16":5,"17":5,"18":5,"19":5,"20":5,"21":5,"22":5,"23":5,"25":5},"branchMap":{"0":{"type":"branch","line":7,"loc":{"start":{"line":7,"column":0},"end":{"line":26,"column":1}},"locations":[{"start":{"line":7,"column":0},"end":{"line":26,"column":1}}]},"1":{"type":"branch","line":17,"loc":{"start":{"line":17,"column":22},"end":{"line":17,"column":57}},"locations":[{"start":{"line":17,"column":22},"end":{"line":17,"column":57}}]},"2":{"type":"branch","line":17,"loc":{"start":{"line":17,"column":40},"end":{"line":17,"column":61}},"locations":[{"start":{"line":17,"column":40},"end":{"line":17,"column":61}}]},"3":{"type":"branch","line":18,"loc":{"start":{"line":18,"column":24},"end":{"line":18,"column":51}},"locations":[{"start":{"line":18,"column":24},"end":{"line":18,"column":51}}]},"4":{"type":"branch","line":18,"loc":{"start":{"line":18,"column":42},"end":{"line":18,"column":55}},"locations":[{"start":{"line":18,"column":42},"end":{"line":18,"column":55}}]},"5":{"type":"branch","line":21,"loc":{"start":{"line":21,"column":24},"end":{"line":21,"column":51}},"locations":[{"start":{"line":21,"column":24},"end":{"line":21,"column":51}}]},"6":{"type":"branch","line":21,"loc":{"start":{"line":21,"column":42},"end":{"line":21,"column":56}},"locations":[{"start":{"line":21,"column":42},"end":{"line":21,"column":56}}]},"7":{"type":"branch","line":22,"loc":{"start":{"line":22,"column":32},"end":{"line":22,"column":70}},"locations":[{"start":{"line":22,"column":32},"end":{"line":22,"column":70}}]},"8":{"type":"branch","line":12,"loc":{"start":{"line":12,"column":4},"end":{"line":12,"column":44}},"locations":[{"start":{"line":12,"column":4},"end":{"line":12,"column":44}}]}},"b":{"0":[5],"1":[3],"2":[2],"3":[3],"4":[2],"5":[3],"6":[2],"7":[1],"8":[5]},"fnMap":{"0":{"name":"Home","decl":{"start":{"line":7,"column":0},"end":{"line":26,"column":1}},"loc":{"start":{"line":7,"column":0},"end":{"line":26,"column":1}},"line":7}},"f":{"0":5}}
,"D:\\IT\\React\\_PRACTICE\\RS-School-React\\src\\app\\details\\[shipId]\\page.tsx": {"path":"D:\\IT\\React\\_PRACTICE\\RS-School-React\\src\\app\\details\\[shipId]\\page.tsx","all":false,"statementMap":{"0":{"start":{"line":1,"column":0},"end":{"line":1,"column":13}},"2":{"start":{"line":3,"column":0},"end":{"line":3,"column":30}},"3":{"start":{"line":4,"column":0},"end":{"line":4,"column":58}},"5":{"start":{"line":6,"column":0},"end":{"line":6,"column":77}},"6":{"start":{"line":7,"column":0},"end":{"line":7,"column":10}},"7":{"start":{"line":8,"column":0},"end":{"line":8,"column":10}},"8":{"start":{"line":9,"column":0},"end":{"line":9,"column":44}},"9":{"start":{"line":10,"column":0},"end":{"line":10,"column":11}},"11":{"start":{"line":12,"column":0},"end":{"line":12,"column":1}}},"s":{"0":1,"2":1,"3":1,"5":1,"6":1,"7":1,"8":1,"9":1,"11":1},"branchMap":{"0":{"type":"branch","line":6,"loc":{"start":{"line":6,"column":0},"end":{"line":12,"column":1}},"locations":[{"start":{"line":6,"column":0},"end":{"line":12,"column":1}}]}},"b":{"0":[1]},"fnMap":{"0":{"name":"Details","decl":{"start":{"line":6,"column":0},"end":{"line":12,"column":1}},"loc":{"start":{"line":6,"column":0},"end":{"line":12,"column":1}},"line":6}},"f":{"0":1}}
,"D:\\IT\\React\\_PRACTICE\\RS-School-React\\src\\components\\Button.tsx": {"path":"D:\\IT\\React\\_PRACTICE\\RS-School-React\\src\\components\\Button.tsx","all":false,"statementMap":{"0":{"start":{"line":1,"column":0},"end":{"line":1,"column":45}},"6":{"start":{"line":7,"column":0},"end":{"line":7,"column":63}},"7":{"start":{"line":8,"column":0},"end":{"line":8,"column":10}},"8":{"start":{"line":9,"column":0},"end":{"line":9,"column":39}},"9":{"start":{"line":10,"column":0},"end":{"line":10,"column":13}},"10":{"start":{"line":11,"column":0},"end":{"line":11,"column":13}},"12":{"start":{"line":13,"column":0},"end":{"line":13,"column":1}}},"s":{"0":1,"6":24,"7":24,"8":24,"9":24,"10":24,"12":24},"branchMap":{"0":{"type":"branch","line":7,"loc":{"start":{"line":7,"column":0},"end":{"line":13,"column":1}},"locations":[{"start":{"line":7,"column":0},"end":{"line":13,"column":1}}]}},"b":{"0":[24]},"fnMap":{"0":{"name":"Button","decl":{"start":{"line":7,"column":0},"end":{"line":13,"column":1}},"loc":{"start":{"line":7,"column":0},"end":{"line":13,"column":1}},"line":7}},"f":{"0":24}}
,"D:\\IT\\React\\_PRACTICE\\RS-School-React\\src\\components\\Checkbox.tsx": {"path":"D:\\IT\\React\\_PRACTICE\\RS-School-React\\src\\components\\Checkbox.tsx","all":false,"statementMap":{"0":{"start":{"line":1,"column":0},"end":{"line":1,"column":34}},"1":{"start":{"line":2,"column":0},"end":{"line":2,"column":12}},"2":{"start":{"line":3,"column":0},"end":{"line":3,"column":11}},"3":{"start":{"line":4,"column":0},"end":{"line":4,"column":4}},"6":{"start":{"line":7,"column":0},"end":{"line":7,"column":4}},"7":{"start":{"line":8,"column":0},"end":{"line":8,"column":10}},"8":{"start":{"line":9,"column":0},"end":{"line":9,"column":9}},"9":{"start":{"line":10,"column":0},"end":{"line":10,"column":13}},"10":{"start":{"line":11,"column":0},"end":{"line":11,"column":54}},"11":{"start":{"line":12,"column":0},"end":{"line":12,"column":73}},"12":{"start":{"line":13,"column":0},"end":{"line":13,"column":14}},"13":{"start":{"line":14,"column":0},"end":{"line":14,"column":10}},"15":{"start":{"line":16,"column":0},"end":{"line":16,"column":1}}},"s":{"0":8,"1":8,"2":8,"3":8,"6":8,"7":8,"8":8,"9":8,"10":8,"11":8,"12":8,"13":8,"15":8},"branchMap":{"0":{"type":"branch","line":1,"loc":{"start":{"line":1,"column":0},"end":{"line":16,"column":1}},"locations":[{"start":{"line":1,"column":0},"end":{"line":16,"column":1}}]},"1":{"type":"branch","line":11,"loc":{"start":{"line":11,"column":12},"end":{"line":11,"column":37}},"locations":[{"start":{"line":11,"column":12},"end":{"line":11,"column":37}}]}},"b":{"0":[8],"1":[0]},"fnMap":{"0":{"name":"Checkbox","decl":{"start":{"line":1,"column":0},"end":{"line":16,"column":1}},"loc":{"start":{"line":1,"column":0},"end":{"line":16,"column":1}},"line":1}},"f":{"0":8}}
,"D:\\IT\\React\\_PRACTICE\\RS-School-React\\src\\components\\Error.tsx": {"path":"D:\\IT\\React\\_PRACTICE\\RS-School-React\\src\\components\\Error.tsx","all":false,"statementMap":{"0":{"start":{"line":1,"column":0},"end":{"line":1,"column":61}},"4":{"start":{"line":5,"column":0},"end":{"line":5,"column":68}},"5":{"start":{"line":6,"column":0},"end":{"line":6,"column":14}},"6":{"start":{"line":7,"column":0},"end":{"line":7,"column":28}},"7":{"start":{"line":8,"column":0},"end":{"line":8,"column":20}},"8":{"start":{"line":9,"column":0},"end":{"line":9,"column":68}},"10":{"start":{"line":11,"column":0},"end":{"line":11,"column":14}},"11":{"start":{"line":12,"column":0},"end":{"line":12,"column":13}},"12":{"start":{"line":13,"column":0},"end":{"line":13,"column":43}},"13":{"start":{"line":14,"column":0},"end":{"line":14,"column":29}},"14":{"start":{"line":15,"column":0},"end":{"line":15,"column":14}},"16":{"start":{"line":17,"column":0},"end":{"line":17,"column":5}},"17":{"start":{"line":18,"column":0},"end":{"line":18,"column":38}},"18":{"start":{"line":19,"column":0},"end":{"line":19,"column":3}},"19":{"start":{"line":20,"column":0},"end":{"line":20,"column":1}}},"s":{"0":1,"4":2,"5":2,"6":2,"7":1,"8":1,"10":1,"11":1,"12":1,"13":1,"14":1,"16":1,"17":1,"18":1,"19":2},"branchMap":{"0":{"type":"branch","line":5,"loc":{"start":{"line":5,"column":0},"end":{"line":20,"column":1}},"locations":[{"start":{"line":5,"column":0},"end":{"line":20,"column":1}}]},"1":{"type":"branch","line":7,"loc":{"start":{"line":7,"column":27},"end":{"line":19,"column":3}},"locations":[{"start":{"line":7,"column":27},"end":{"line":19,"column":3}}]},"2":{"type":"branch","line":9,"loc":{"start":{"line":9,"column":19},"end":{"line":9,"column":41}},"locations":[{"start":{"line":9,"column":19},"end":{"line":9,"column":41}}]}},"b":{"0":[2],"1":[1],"2":[0]},"fnMap":{"0":{"name":"Error","decl":{"start":{"line":5,"column":0},"end":{"line":20,"column":1}},"loc":{"start":{"line":5,"column":0},"end":{"line":20,"column":1}},"line":5}},"f":{"0":2}}
,"D:\\IT\\React\\_PRACTICE\\RS-School-React\\src\\components\\ErrorBoundary.tsx": {"path":"D:\\IT\\React\\_PRACTICE\\RS-School-React\\src\\components\\ErrorBoundary.tsx","all":false,"statementMap":{"0":{"start":{"line":1,"column":0},"end":{"line":1,"column":56}},"1":{"start":{"line":2,"column":0},"end":{"line":2,"column":30}},"12":{"start":{"line":13,"column":0},"end":{"line":13,"column":79}},"13":{"start":{"line":14,"column":0},"end":{"line":14,"column":42}},"14":{"start":{"line":15,"column":0},"end":{"line":15,"column":17}},"15":{"start":{"line":16,"column":0},"end":{"line":16,"column":50}},"16":{"start":{"line":17,"column":0},"end":{"line":17,"column":3}},"18":{"start":{"line":19,"column":0},"end":{"line":19,"column":57}},"19":{"start":{"line":20,"column":0},"end":{"line":20,"column":19}},"20":{"start":{"line":21,"column":0},"end":{"line":21,"column":19}},"21":{"start":{"line":22,"column":0},"end":{"line":22,"column":27}},"22":{"start":{"line":23,"column":0},"end":{"line":23,"column":7}},"23":{"start":{"line":24,"column":0},"end":{"line":24,"column":31}},"24":{"start":{"line":25,"column":0},"end":{"line":25,"column":3}},"26":{"start":{"line":27,"column":0},"end":{"line":27,"column":12}},"27":{"start":{"line":28,"column":0},"end":{"line":28,"column":44}},"28":{"start":{"line":29,"column":0},"end":{"line":29,"column":36}},"30":{"start":{"line":31,"column":0},"end":{"line":31,"column":20}},"31":{"start":{"line":32,"column":0},"end":{"line":32,"column":14}},"32":{"start":{"line":33,"column":0},"end":{"line":33,"column":13}},"33":{"start":{"line":34,"column":0},"end":{"line":34,"column":40}},"34":{"start":{"line":35,"column":0},"end":{"line":35,"column":54}},"35":{"start":{"line":36,"column":0},"end":{"line":36,"column":39}},"36":{"start":{"line":37,"column":0},"end":{"line":37,"column":20}},"37":{"start":{"line":38,"column":0},"end":{"line":38,"column":43}},"39":{"start":{"line":40,"column":0},"end":{"line":40,"column":17}},"40":{"start":{"line":41,"column":0},"end":{"line":41,"column":26}},"41":{"start":{"line":42,"column":0},"end":{"line":42,"column":25}},"42":{"start":{"line":43,"column":0},"end":{"line":43,"column":52}},"43":{"start":{"line":44,"column":0},"end":{"line":44,"column":12}},"44":{"start":{"line":45,"column":0},"end":{"line":45,"column":14}},"46":{"start":{"line":47,"column":0},"end":{"line":47,"column":5}},"47":{"start":{"line":48,"column":0},"end":{"line":48,"column":20}},"48":{"start":{"line":49,"column":0},"end":{"line":49,"column":3}},"49":{"start":{"line":50,"column":0},"end":{"line":50,"column":1}},"51":{"start":{"line":52,"column":0},"end":{"line":52,"column":29}}},"s":{"0":1,"1":1,"12":1,"13":1,"14":5,"15":5,"16":5,"18":1,"19":0,"20":0,"21":0,"22":0,"23":0,"24":0,"26":1,"27":5,"28":5,"30":5,"31":0,"32":0,"33":0,"34":0,"35":0,"36":0,"37":0,"39":0,"40":0,"41":0,"42":0,"43":0,"44":0,"46":0,"47":5,"48":5,"49":1,"51":1},"branchMap":{"0":{"type":"branch","line":14,"loc":{"start":{"line":14,"column":2},"end":{"line":17,"column":3}},"locations":[{"start":{"line":14,"column":2},"end":{"line":17,"column":3}}]},"1":{"type":"branch","line":27,"loc":{"start":{"line":27,"column":2},"end":{"line":49,"column":3}},"locations":[{"start":{"line":27,"column":2},"end":{"line":49,"column":3}}]},"2":{"type":"branch","line":31,"loc":{"start":{"line":31,"column":19},"end":{"line":47,"column":5}},"locations":[{"start":{"line":31,"column":19},"end":{"line":47,"column":5}}]}},"b":{"0":[5],"1":[5],"2":[0]},"fnMap":{"0":{"name":"ErrorBoundary","decl":{"start":{"line":14,"column":2},"end":{"line":17,"column":3}},"loc":{"start":{"line":14,"column":2},"end":{"line":17,"column":3}},"line":14},"1":{"name":"componentDidCatch","decl":{"start":{"line":19,"column":2},"end":{"line":25,"column":3}},"loc":{"start":{"line":19,"column":2},"end":{"line":25,"column":3}},"line":19},"2":{"name":"render","decl":{"start":{"line":27,"column":2},"end":{"line":49,"column":3}},"loc":{"start":{"line":27,"column":2},"end":{"line":49,"column":3}},"line":27},"3":{"name":"onClick","decl":{"start":{"line":43,"column":21},"end":{"line":43,"column":52}},"loc":{"start":{"line":43,"column":21},"end":{"line":43,"column":52}},"line":43}},"f":{"0":5,"1":0,"2":5,"3":0}}
,"D:\\IT\\React\\_PRACTICE\\RS-School-React\\src\\components\\Flyout.tsx": {"path":"D:\\IT\\React\\_PRACTICE\\RS-School-React\\src\\components\\Flyout.tsx","all":false,"statementMap":{"0":{"start":{"line":1,"column":0},"end":{"line":1,"column":36}},"1":{"start":{"line":2,"column":0},"end":{"line":2,"column":30}},"2":{"start":{"line":3,"column":0},"end":{"line":3,"column":48}},"3":{"start":{"line":4,"column":0},"end":{"line":4,"column":53}},"4":{"start":{"line":5,"column":0},"end":{"line":5,"column":31}},"6":{"start":{"line":7,"column":0},"end":{"line":7,"column":66}},"7":{"start":{"line":8,"column":0},"end":{"line":8,"column":36}},"8":{"start":{"line":9,"column":0},"end":{"line":9,"column":50}},"9":{"start":{"line":10,"column":0},"end":{"line":10,"column":17}},"10":{"start":{"line":11,"column":0},"end":{"line":11,"column":20}},"11":{"start":{"line":12,"column":0},"end":{"line":12,"column":44}},"12":{"start":{"line":13,"column":0},"end":{"line":13,"column":43}},"14":{"start":{"line":15,"column":0},"end":{"line":15,"column":18}},"15":{"start":{"line":16,"column":0},"end":{"line":16,"column":20}},"16":{"start":{"line":17,"column":0},"end":{"line":17,"column":39}},"17":{"start":{"line":18,"column":0},"end":{"line":18,"column":39}},"19":{"start":{"line":20,"column":0},"end":{"line":20,"column":45}},"20":{"start":{"line":21,"column":0},"end":{"line":21,"column":63}},"21":{"start":{"line":22,"column":0},"end":{"line":22,"column":24}},"22":{"start":{"line":23,"column":0},"end":{"line":23,"column":24}},"23":{"start":{"line":24,"column":0},"end":{"line":24,"column":75}},"24":{"start":{"line":25,"column":0},"end":{"line":25,"column":17}},"25":{"start":{"line":26,"column":0},"end":{"line":26,"column":22}},"26":{"start":{"line":27,"column":0},"end":{"line":27,"column":4}},"28":{"start":{"line":29,"column":0},"end":{"line":29,"column":63}},"29":{"start":{"line":30,"column":0},"end":{"line":30,"column":41}},"30":{"start":{"line":31,"column":0},"end":{"line":31,"column":77}},"31":{"start":{"line":32,"column":0},"end":{"line":32,"column":42}},"33":{"start":{"line":34,"column":0},"end":{"line":34,"column":26}},"34":{"start":{"line":35,"column":0},"end":{"line":35,"column":33}},"35":{"start":{"line":36,"column":0},"end":{"line":36,"column":42}},"36":{"start":{"line":37,"column":0},"end":{"line":37,"column":30}},"37":{"start":{"line":38,"column":0},"end":{"line":38,"column":31}},"38":{"start":{"line":39,"column":0},"end":{"line":39,"column":5}},"39":{"start":{"line":40,"column":0},"end":{"line":40,"column":4}},"41":{"start":{"line":42,"column":0},"end":{"line":42,"column":10}},"42":{"start":{"line":43,"column":0},"end":{"line":43,"column":28}},"43":{"start":{"line":44,"column":0},"end":{"line":44,"column":49}},"44":{"start":{"line":45,"column":0},"end":{"line":45,"column":38}},"45":{"start":{"line":46,"column":0},"end":{"line":46,"column":80}},"46":{"start":{"line":47,"column":0},"end":{"line":47,"column":79}},"47":{"start":{"line":48,"column":0},"end":{"line":48,"column":12}},"48":{"start":{"line":49,"column":0},"end":{"line":49,"column":53}},"49":{"start":{"line":50,"column":0},"end":{"line":50,"column":10}},"51":{"start":{"line":52,"column":0},"end":{"line":52,"column":1}}},"s":{"0":1,"1":1,"2":1,"3":1,"4":1,"6":5,"7":5,"8":5,"9":5,"10":5,"11":1,"12":4,"14":5,"15":5,"16":1,"17":4,"19":5,"20":1,"21":1,"22":1,"23":1,"24":1,"25":1,"26":1,"28":5,"29":1,"30":1,"31":1,"33":1,"34":1,"35":1,"36":1,"37":1,"38":1,"39":1,"41":5,"42":5,"43":5,"44":5,"45":5,"46":5,"47":5,"48":5,"49":5,"51":5},"branchMap":{"0":{"type":"branch","line":7,"loc":{"start":{"line":7,"column":0},"end":{"line":52,"column":1}},"locations":[{"start":{"line":7,"column":0},"end":{"line":52,"column":1}}]},"1":{"type":"branch","line":11,"loc":{"start":{"line":11,"column":19},"end":{"line":12,"column":44}},"locations":[{"start":{"line":11,"column":19},"end":{"line":12,"column":44}}]},"2":{"type":"branch","line":12,"loc":{"start":{"line":12,"column":23},"end":{"line":13,"column":43}},"locations":[{"start":{"line":12,"column":23},"end":{"line":13,"column":43}}]},"3":{"type":"branch","line":16,"loc":{"start":{"line":16,"column":19},"end":{"line":17,"column":39}},"locations":[{"start":{"line":16,"column":19},"end":{"line":17,"column":39}}]},"4":{"type":"branch","line":17,"loc":{"start":{"line":17,"column":23},"end":{"line":18,"column":39}},"locations":[{"start":{"line":17,"column":23},"end":{"line":18,"column":39}}]},"5":{"type":"branch","line":20,"loc":{"start":{"line":20,"column":22},"end":{"line":27,"column":4}},"locations":[{"start":{"line":20,"column":22},"end":{"line":27,"column":4}}]},"6":{"type":"branch","line":24,"loc":{"start":{"line":24,"column":18},"end":{"line":24,"column":73}},"locations":[{"start":{"line":24,"column":18},"end":{"line":24,"column":73}}]},"7":{"type":"branch","line":24,"loc":{"start":{"line":24,"column":39},"end":{"line":24,"column":62}},"locations":[{"start":{"line":24,"column":39},"end":{"line":24,"column":62}}]},"8":{"type":"branch","line":29,"loc":{"start":{"line":29,"column":22},"end":{"line":40,"column":4}},"locations":[{"start":{"line":29,"column":22},"end":{"line":40,"column":4}}]},"9":{"type":"branch","line":46,"loc":{"start":{"line":46,"column":42},"end":{"line":46,"column":78}},"locations":[{"start":{"line":46,"column":42},"end":{"line":46,"column":78}}]},"10":{"type":"branch","line":47,"loc":{"start":{"line":47,"column":46},"end":{"line":47,"column":77}},"locations":[{"start":{"line":47,"column":46},"end":{"line":47,"column":77}}]}},"b":{"0":[5],"1":[1],"2":[4],"3":[1],"4":[4],"5":[1],"6":[1],"7":[4],"8":[1],"9":[1],"10":[1]},"fnMap":{"0":{"name":"Flyout","decl":{"start":{"line":7,"column":0},"end":{"line":52,"column":1}},"loc":{"start":{"line":7,"column":0},"end":{"line":52,"column":1}},"line":7},"1":{"name":"generateCSV","decl":{"start":{"line":20,"column":22},"end":{"line":27,"column":4}},"loc":{"start":{"line":20,"column":22},"end":{"line":27,"column":4}},"line":20},"2":{"name":"downloadCSV","decl":{"start":{"line":29,"column":22},"end":{"line":40,"column":4}},"loc":{"start":{"line":29,"column":22},"end":{"line":40,"column":4}},"line":29},"3":{"name":"onClick","decl":{"start":{"line":46,"column":42},"end":{"line":46,"column":78}},"loc":{"start":{"line":46,"column":42},"end":{"line":46,"column":78}},"line":46},"4":{"name":"onClick","decl":{"start":{"line":47,"column":46},"end":{"line":47,"column":77}},"loc":{"start":{"line":47,"column":46},"end":{"line":47,"column":77}},"line":47}},"f":{"0":5,"1":1,"2":1,"3":1,"4":1}}
,"D:\\IT\\React\\_PRACTICE\\RS-School-React\\src\\components\\Form.tsx": {"path":"D:\\IT\\React\\_PRACTICE\\RS-School-React\\src\\components\\Form.tsx","all":false,"statementMap":{"0":{"start":{"line":1,"column":0},"end":{"line":1,"column":34}},"1":{"start":{"line":2,"column":0},"end":{"line":2,"column":38}},"2":{"start":{"line":3,"column":0},"end":{"line":3,"column":30}},"8":{"start":{"line":9,"column":0},"end":{"line":9,"column":55}},"9":{"start":{"line":10,"column":0},"end":{"line":10,"column":10}},"10":{"start":{"line":11,"column":0},"end":{"line":11,"column":49}},"11":{"start":{"line":12,"column":0},"end":{"line":12,"column":69}},"12":{"start":{"line":13,"column":0},"end":{"line":13,"column":31}},"13":{"start":{"line":14,"column":0},"end":{"line":14,"column":47}},"14":{"start":{"line":15,"column":0},"end":{"line":15,"column":12}},"15":{"start":{"line":16,"column":0},"end":{"line":16,"column":11}},"17":{"start":{"line":18,"column":0},"end":{"line":18,"column":1}}},"s":{"0":1,"1":1,"2":1,"8":14,"9":14,"10":14,"11":14,"12":14,"13":14,"14":14,"15":14,"17":14},"branchMap":{"0":{"type":"branch","line":9,"loc":{"start":{"line":9,"column":0},"end":{"line":18,"column":1}},"locations":[{"start":{"line":9,"column":0},"end":{"line":18,"column":1}}]}},"b":{"0":[14]},"fnMap":{"0":{"name":"Form","decl":{"start":{"line":9,"column":0},"end":{"line":18,"column":1}},"loc":{"start":{"line":9,"column":0},"end":{"line":18,"column":1}},"line":9}},"f":{"0":14}}
,"D:\\IT\\React\\_PRACTICE\\RS-School-React\\src\\components\\InputField.tsx": {"path":"D:\\IT\\React\\_PRACTICE\\RS-School-React\\src\\components\\InputField.tsx","all":false,"statementMap":{"0":{"start":{"line":1,"column":0},"end":{"line":1,"column":65}},"6":{"start":{"line":7,"column":0},"end":{"line":7,"column":74}},"7":{"start":{"line":8,"column":0},"end":{"line":8,"column":41}},"9":{"start":{"line":10,"column":0},"end":{"line":10,"column":19}},"10":{"start":{"line":11,"column":0},"end":{"line":11,"column":40}},"11":{"start":{"line":12,"column":0},"end":{"line":12,"column":58}},"12":{"start":{"line":13,"column":0},"end":{"line":13,"column":5}},"13":{"start":{"line":14,"column":0},"end":{"line":14,"column":9}},"15":{"start":{"line":16,"column":0},"end":{"line":16,"column":78}},"16":{"start":{"line":17,"column":0},"end":{"line":17,"column":33}},"17":{"start":{"line":18,"column":0},"end":{"line":18,"column":4}},"19":{"start":{"line":20,"column":0},"end":{"line":20,"column":10}},"20":{"start":{"line":21,"column":0},"end":{"line":21,"column":9}},"21":{"start":{"line":22,"column":0},"end":{"line":22,"column":28}},"22":{"start":{"line":23,"column":0},"end":{"line":23,"column":64}},"23":{"start":{"line":24,"column":0},"end":{"line":24,"column":10}},"25":{"start":{"line":26,"column":0},"end":{"line":26,"column":1}}},"s":{"0":1,"6":21,"7":21,"9":21,"10":10,"11":10,"12":10,"13":21,"15":21,"16":1,"17":1,"19":21,"20":21,"21":21,"22":21,"23":21,"25":21},"branchMap":{"0":{"type":"branch","line":7,"loc":{"start":{"line":7,"column":0},"end":{"line":26,"column":1}},"locations":[{"start":{"line":7,"column":0},"end":{"line":26,"column":1}}]},"1":{"type":"branch","line":10,"loc":{"start":{"line":10,"column":12},"end":{"line":14,"column":5}},"locations":[{"start":{"line":10,"column":12},"end":{"line":14,"column":5}}]},"2":{"type":"branch","line":12,"loc":{"start":{"line":12,"column":49},"end":{"line":12,"column":56}},"locations":[{"start":{"line":12,"column":49},"end":{"line":12,"column":56}}]},"3":{"type":"branch","line":16,"loc":{"start":{"line":16,"column":23},"end":{"line":18,"column":4}},"locations":[{"start":{"line":16,"column":23},"end":{"line":18,"column":4}}]}},"b":{"0":[21],"1":[10],"2":[8],"3":[1]},"fnMap":{"0":{"name":"InputField","decl":{"start":{"line":7,"column":0},"end":{"line":26,"column":1}},"loc":{"start":{"line":7,"column":0},"end":{"line":26,"column":1}},"line":7},"1":{"name":"handleChange","decl":{"start":{"line":16,"column":23},"end":{"line":18,"column":4}},"loc":{"start":{"line":16,"column":23},"end":{"line":18,"column":4}},"line":16}},"f":{"0":21,"1":1}}
,"D:\\IT\\React\\_PRACTICE\\RS-School-React\\src\\components\\Loader.tsx": {"path":"D:\\IT\\React\\_PRACTICE\\RS-School-React\\src\\components\\Loader.tsx","all":false,"statementMap":{"0":{"start":{"line":1,"column":0},"end":{"line":1,"column":34}},"1":{"start":{"line":2,"column":0},"end":{"line":2,"column":40}},"2":{"start":{"line":3,"column":0},"end":{"line":3,"column":1}}},"s":{"0":12,"1":12,"2":12},"branchMap":{"0":{"type":"branch","line":1,"loc":{"start":{"line":1,"column":0},"end":{"line":3,"column":1}},"locations":[{"start":{"line":1,"column":0},"end":{"line":3,"column":1}}]}},"b":{"0":[12]},"fnMap":{"0":{"name":"Loader","decl":{"start":{"line":1,"column":0},"end":{"line":3,"column":1}},"loc":{"start":{"line":1,"column":0},"end":{"line":3,"column":1}},"line":1}},"f":{"0":12}}
,"D:\\IT\\React\\_PRACTICE\\RS-School-React\\src\\components\\Pagination.tsx": {"path":"D:\\IT\\React\\_PRACTICE\\RS-School-React\\src\\components\\Pagination.tsx","all":false,"statementMap":{"0":{"start":{"line":1,"column":0},"end":{"line":1,"column":13}},"1":{"start":{"line":2,"column":0},"end":{"line":2,"column":61}},"7":{"start":{"line":8,"column":0},"end":{"line":8,"column":69}},"8":{"start":{"line":9,"column":0},"end":{"line":9,"column":41}},"9":{"start":{"line":10,"column":0},"end":{"line":10,"column":29}},"10":{"start":{"line":11,"column":0},"end":{"line":11,"column":40}},"11":{"start":{"line":12,"column":0},"end":{"line":12,"column":34}},"13":{"start":{"line":14,"column":0},"end":{"line":14,"column":60}},"15":{"start":{"line":16,"column":0},"end":{"line":16,"column":49}},"16":{"start":{"line":17,"column":0},"end":{"line":17,"column":69}},"18":{"start":{"line":19,"column":0},"end":{"line":19,"column":47}},"19":{"start":{"line":20,"column":0},"end":{"line":20,"column":30}},"20":{"start":{"line":21,"column":0},"end":{"line":21,"column":5}},"21":{"start":{"line":22,"column":0},"end":{"line":22,"column":4}},"23":{"start":{"line":24,"column":0},"end":{"line":24,"column":24}},"24":{"start":{"line":25,"column":0},"end":{"line":25,"column":16}},"25":{"start":{"line":26,"column":0},"end":{"line":26,"column":3}},"27":{"start":{"line":28,"column":0},"end":{"line":28,"column":10}},"28":{"start":{"line":29,"column":0},"end":{"line":29,"column":34}},"29":{"start":{"line":30,"column":0},"end":{"line":30,"column":13}},"30":{"start":{"line":31,"column":0},"end":{"line":31,"column":57}},"31":{"start":{"line":32,"column":0},"end":{"line":32,"column":35}},"32":{"start":{"line":33,"column":0},"end":{"line":33,"column":7}},"34":{"start":{"line":35,"column":0},"end":{"line":35,"column":15}},"35":{"start":{"line":36,"column":0},"end":{"line":36,"column":35}},"36":{"start":{"line":37,"column":0},"end":{"line":37,"column":42}},"37":{"start":{"line":38,"column":0},"end":{"line":38,"column":13}},"38":{"start":{"line":39,"column":0},"end":{"line":39,"column":13}},"39":{"start":{"line":40,"column":0},"end":{"line":40,"column":57}},"40":{"start":{"line":41,"column":0},"end":{"line":41,"column":44}},"41":{"start":{"line":42,"column":0},"end":{"line":42,"column":7}},"43":{"start":{"line":44,"column":0},"end":{"line":44,"column":15}},"44":{"start":{"line":45,"column":0},"end":{"line":45,"column":10}},"46":{"start":{"line":47,"column":0},"end":{"line":47,"column":1}}},"s":{"0":1,"1":1,"7":17,"8":17,"9":17,"10":17,"11":17,"13":17,"15":17,"16":2,"18":2,"19":2,"20":2,"21":2,"23":17,"24":13,"25":13,"27":4,"28":4,"29":4,"30":4,"31":4,"32":4,"34":4,"35":4,"36":4,"37":4,"38":4,"39":4,"40":4,"41":4,"43":4,"44":4,"46":4},"branchMap":{"0":{"type":"branch","line":8,"loc":{"start":{"line":8,"column":0},"end":{"line":47,"column":1}},"locations":[{"start":{"line":8,"column":0},"end":{"line":47,"column":1}}]},"1":{"type":"branch","line":14,"loc":{"start":{"line":14,"column":32},"end":{"line":14,"column":56}},"locations":[{"start":{"line":14,"column":32},"end":{"line":14,"column":56}}]},"2":{"type":"branch","line":24,"loc":{"start":{"line":24,"column":23},"end":{"line":26,"column":3}},"locations":[{"start":{"line":24,"column":23},"end":{"line":26,"column":3}}]},"3":{"type":"branch","line":26,"loc":{"start":{"line":26,"column":2},"end":{"line":47,"column":1}},"locations":[{"start":{"line":26,"column":2},"end":{"line":47,"column":1}}]},"4":{"type":"branch","line":16,"loc":{"start":{"line":16,"column":27},"end":{"line":22,"column":4}},"locations":[{"start":{"line":16,"column":27},"end":{"line":22,"column":4}}]},"5":{"type":"branch","line":17,"loc":{"start":{"line":17,"column":18},"end":{"line":17,"column":50}},"locations":[{"start":{"line":17,"column":18},"end":{"line":17,"column":50}}]},"6":{"type":"branch","line":31,"loc":{"start":{"line":31,"column":17},"end":{"line":31,"column":57}},"locations":[{"start":{"line":31,"column":17},"end":{"line":31,"column":57}}]},"7":{"type":"branch","line":40,"loc":{"start":{"line":40,"column":17},"end":{"line":40,"column":57}},"locations":[{"start":{"line":40,"column":17},"end":{"line":40,"column":57}}]}},"b":{"0":[17],"1":[0],"2":[13],"3":[4],"4":[2],"5":[0],"6":[1],"7":[1]},"fnMap":{"0":{"name":"Pagination","decl":{"start":{"line":8,"column":0},"end":{"line":47,"column":1}},"loc":{"start":{"line":8,"column":0},"end":{"line":47,"column":1}},"line":8},"1":{"name":"handlePageChange","decl":{"start":{"line":16,"column":27},"end":{"line":22,"column":4}},"loc":{"start":{"line":16,"column":27},"end":{"line":22,"column":4}},"line":16},"2":{"name":"onClick","decl":{"start":{"line":31,"column":17},"end":{"line":31,"column":57}},"loc":{"start":{"line":31,"column":17},"end":{"line":31,"column":57}},"line":31},"3":{"name":"onClick","decl":{"start":{"line":40,"column":17},"end":{"line":40,"column":57}},"loc":{"start":{"line":40,"column":17},"end":{"line":40,"column":57}},"line":40}},"f":{"0":17,"1":2,"2":1,"3":1}}
,"D:\\IT\\React\\_PRACTICE\\RS-School-React\\src\\components\\ShipDetails.tsx": {"path":"D:\\IT\\React\\_PRACTICE\\RS-School-React\\src\\components\\ShipDetails.tsx","all":false,"statementMap":{"0":{"start":{"line":1,"column":0},"end":{"line":1,"column":13}},"1":{"start":{"line":2,"column":0},"end":{"line":2,"column":30}},"2":{"start":{"line":3,"column":0},"end":{"line":3,"column":28}},"3":{"start":{"line":4,"column":0},"end":{"line":4,"column":45}},"4":{"start":{"line":5,"column":0},"end":{"line":5,"column":61}},"6":{"start":{"line":7,"column":0},"end":{"line":7,"column":69}},"7":{"start":{"line":8,"column":0},"end":{"line":8,"column":41}},"8":{"start":{"line":9,"column":0},"end":{"line":9,"column":29}},"9":{"start":{"line":10,"column":0},"end":{"line":10,"column":40}},"10":{"start":{"line":11,"column":0},"end":{"line":11,"column":34}},"11":{"start":{"line":12,"column":0},"end":{"line":12,"column":23}},"12":{"start":{"line":13,"column":0},"end":{"line":13,"column":20}},"13":{"start":{"line":14,"column":0},"end":{"line":14,"column":37}},"14":{"start":{"line":15,"column":0},"end":{"line":15,"column":19}},"15":{"start":{"line":16,"column":0},"end":{"line":16,"column":24}},"16":{"start":{"line":17,"column":0},"end":{"line":17,"column":22}},"17":{"start":{"line":18,"column":0},"end":{"line":18,"column":30}},"18":{"start":{"line":19,"column":0},"end":{"line":19,"column":12}},"19":{"start":{"line":20,"column":0},"end":{"line":20,"column":17}},"20":{"start":{"line":21,"column":0},"end":{"line":21,"column":5}},"21":{"start":{"line":22,"column":0},"end":{"line":22,"column":7}},"23":{"start":{"line":24,"column":0},"end":{"line":24,"column":76}},"24":{"start":{"line":25,"column":0},"end":{"line":25,"column":17}},"25":{"start":{"line":26,"column":0},"end":{"line":26,"column":4}},"27":{"start":{"line":28,"column":0},"end":{"line":28,"column":18}},"28":{"start":{"line":29,"column":0},"end":{"line":29,"column":12}},"29":{"start":{"line":30,"column":0},"end":{"line":30,"column":49}},"30":{"start":{"line":31,"column":0},"end":{"line":31,"column":18}},"31":{"start":{"line":32,"column":0},"end":{"line":32,"column":12}},"33":{"start":{"line":34,"column":0},"end":{"line":34,"column":3}},"35":{"start":{"line":36,"column":0},"end":{"line":36,"column":14}},"36":{"start":{"line":37,"column":0},"end":{"line":37,"column":35}},"37":{"start":{"line":38,"column":0},"end":{"line":38,"column":3}},"39":{"start":{"line":40,"column":0},"end":{"line":40,"column":10}},"40":{"start":{"line":41,"column":0},"end":{"line":41,"column":31}},"41":{"start":{"line":42,"column":0},"end":{"line":42,"column":73}},"43":{"start":{"line":44,"column":0},"end":{"line":44,"column":15}},"44":{"start":{"line":45,"column":0},"end":{"line":45,"column":11}},"45":{"start":{"line":46,"column":0},"end":{"line":46,"column":13}},"46":{"start":{"line":47,"column":0},"end":{"line":47,"column":31}},"47":{"start":{"line":48,"column":0},"end":{"line":48,"column":14}},"48":{"start":{"line":49,"column":0},"end":{"line":49,"column":13}},"49":{"start":{"line":50,"column":0},"end":{"line":50,"column":13}},"50":{"start":{"line":51,"column":0},"end":{"line":51,"column":49}},"51":{"start":{"line":52,"column":0},"end":{"line":52,"column":14}},"52":{"start":{"line":53,"column":0},"end":{"line":53,"column":13}},"53":{"start":{"line":54,"column":0},"end":{"line":54,"column":63}},"54":{"start":{"line":55,"column":0},"end":{"line":55,"column":14}},"55":{"start":{"line":56,"column":0},"end":{"line":56,"column":13}},"56":{"start":{"line":57,"column":0},"end":{"line":57,"column":59}},"57":{"start":{"line":58,"column":0},"end":{"line":58,"column":14}},"58":{"start":{"line":59,"column":0},"end":{"line":59,"column":13}},"59":{"start":{"line":60,"column":0},"end":{"line":60,"column":68}},"60":{"start":{"line":61,"column":0},"end":{"line":61,"column":14}},"61":{"start":{"line":62,"column":0},"end":{"line":62,"column":13}},"62":{"start":{"line":63,"column":0},"end":{"line":63,"column":56}},"63":{"start":{"line":64,"column":0},"end":{"line":64,"column":42}},"64":{"start":{"line":65,"column":0},"end":{"line":65,"column":14}},"65":{"start":{"line":66,"column":0},"end":{"line":66,"column":13}},"66":{"start":{"line":67,"column":0},"end":{"line":67,"column":51}},"67":{"start":{"line":68,"column":0},"end":{"line":68,"column":14}},"68":{"start":{"line":69,"column":0},"end":{"line":69,"column":13}},"69":{"start":{"line":70,"column":0},"end":{"line":70,"column":47}},"70":{"start":{"line":71,"column":0},"end":{"line":71,"column":14}},"71":{"start":{"line":72,"column":0},"end":{"line":72,"column":13}},"72":{"start":{"line":73,"column":0},"end":{"line":73,"column":58}},"73":{"start":{"line":74,"column":0},"end":{"line":74,"column":14}},"74":{"start":{"line":75,"column":0},"end":{"line":75,"column":14}},"75":{"start":{"line":76,"column":0},"end":{"line":76,"column":12}},"76":{"start":{"line":77,"column":0},"end":{"line":77,"column":10}},"78":{"start":{"line":79,"column":0},"end":{"line":79,"column":1}}},"s":{"0":1,"1":1,"2":1,"3":1,"4":1,"6":4,"7":4,"8":4,"9":4,"10":4,"11":4,"12":4,"13":0,"14":4,"15":0,"16":4,"17":4,"18":4,"19":0,"20":0,"21":4,"23":4,"24":4,"25":4,"27":4,"28":2,"29":2,"30":2,"31":2,"33":2,"35":4,"36":0,"37":0,"39":2,"40":2,"41":2,"43":2,"44":2,"45":2,"46":4,"47":4,"48":4,"49":4,"50":4,"51":4,"52":4,"53":4,"54":4,"55":4,"56":4,"57":4,"58":4,"59":4,"60":4,"61":4,"62":4,"63":4,"64":4,"65":4,"66":4,"67":4,"68":4,"69":4,"70":4,"71":4,"72":4,"73":4,"74":4,"75":4,"76":4,"78":4},"branchMap":{"0":{"type":"branch","line":7,"loc":{"start":{"line":7,"column":0},"end":{"line":79,"column":1}},"locations":[{"start":{"line":7,"column":0},"end":{"line":79,"column":1}}]},"1":{"type":"branch","line":25,"loc":{"start":{"line":25,"column":4},"end":{"line":25,"column":17}},"locations":[{"start":{"line":25,"column":4},"end":{"line":25,"column":17}}]},"2":{"type":"branch","line":28,"loc":{"start":{"line":28,"column":17},"end":{"line":36,"column":13}},"locations":[{"start":{"line":28,"column":17},"end":{"line":36,"column":13}}]},"3":{"type":"branch","line":36,"loc":{"start":{"line":36,"column":13},"end":{"line":38,"column":3}},"locations":[{"start":{"line":36,"column":13},"end":{"line":38,"column":3}}]},"4":{"type":"branch","line":38,"loc":{"start":{"line":38,"column":2},"end":{"line":47,"column":26}},"locations":[{"start":{"line":38,"column":2},"end":{"line":47,"column":26}}]},"5":{"type":"branch","line":51,"loc":{"start":{"line":51,"column":37},"end":{"line":51,"column":49}},"locations":[{"start":{"line":51,"column":37},"end":{"line":51,"column":49}}]},"6":{"type":"branch","line":54,"loc":{"start":{"line":54,"column":44},"end":{"line":54,"column":63}},"locations":[{"start":{"line":54,"column":44},"end":{"line":54,"column":63}}]},"7":{"type":"branch","line":57,"loc":{"start":{"line":57,"column":42},"end":{"line":57,"column":59}},"locations":[{"start":{"line":57,"column":42},"end":{"line":57,"column":59}}]},"8":{"type":"branch","line":60,"loc":{"start":{"line":60,"column":39},"end":{"line":60,"column":60}},"locations":[{"start":{"line":60,"column":39},"end":{"line":60,"column":60}}]},"9":{"type":"branch","line":64,"loc":{"start":{"line":64,"column":13},"end":{"line":64,"column":42}},"locations":[{"start":{"line":64,"column":13},"end":{"line":64,"column":42}}]},"10":{"type":"branch","line":67,"loc":{"start":{"line":67,"column":38},"end":{"line":67,"column":51}},"locations":[{"start":{"line":67,"column":38},"end":{"line":67,"column":51}}]},"11":{"type":"branch","line":70,"loc":{"start":{"line":70,"column":36},"end":{"line":70,"column":47}},"locations":[{"start":{"line":70,"column":36},"end":{"line":70,"column":47}}]},"12":{"type":"branch","line":73,"loc":{"start":{"line":73,"column":36},"end":{"line":73,"column":58}},"locations":[{"start":{"line":73,"column":36},"end":{"line":73,"column":58}}]},"13":{"type":"branch","line":12,"loc":{"start":{"line":12,"column":16},"end":{"line":22,"column":5}},"locations":[{"start":{"line":12,"column":16},"end":{"line":22,"column":5}}]},"14":{"type":"branch","line":13,"loc":{"start":{"line":13,"column":8},"end":{"line":13,"column":19}},"locations":[{"start":{"line":13,"column":8},"end":{"line":13,"column":19}}]},"15":{"type":"branch","line":13,"loc":{"start":{"line":13,"column":19},"end":{"line":15,"column":15}},"locations":[{"start":{"line":13,"column":19},"end":{"line":15,"column":15}}]},"16":{"type":"branch","line":15,"loc":{"start":{"line":15,"column":18},"end":{"line":17,"column":15}},"locations":[{"start":{"line":15,"column":18},"end":{"line":17,"column":15}}]},"17":{"type":"branch","line":19,"loc":{"start":{"line":19,"column":4},"end":{"line":21,"column":5}},"locations":[{"start":{"line":19,"column":4},"end":{"line":21,"column":5}}]},"18":{"type":"branch","line":42,"loc":{"start":{"line":42,"column":48},"end":{"line":42,"column":73}},"locations":[{"start":{"line":42,"column":48},"end":{"line":42,"column":73}}]}},"b":{"0":[4],"1":[0],"2":[2],"3":[0],"4":[2],"5":[2],"6":[2],"7":[2],"8":[2],"9":[2],"10":[2],"11":[2],"12":[2],"13":[4],"14":[0],"15":[0],"16":[0],"17":[0],"18":[1]},"fnMap":{"0":{"name":"ShipDetails","decl":{"start":{"line":7,"column":0},"end":{"line":79,"column":1}},"loc":{"start":{"line":7,"column":0},"end":{"line":79,"column":1}},"line":7},"1":{"name":"onClick","decl":{"start":{"line":42,"column":48},"end":{"line":42,"column":73}},"loc":{"start":{"line":42,"column":48},"end":{"line":42,"column":73}},"line":42}},"f":{"0":4,"1":1}}
,"D:\\IT\\React\\_PRACTICE\\RS-School-React\\src\\components\\ShipItem.tsx": {"path":"D:\\IT\\React\\_PRACTICE\\RS-School-React\\src\\components\\ShipItem.tsx","all":false,"statementMap":{"0":{"start":{"line":1,"column":0},"end":{"line":1,"column":36}},"1":{"start":{"line":2,"column":0},"end":{"line":2,"column":29}},"2":{"start":{"line":3,"column":0},"end":{"line":3,"column":34}},"3":{"start":{"line":4,"column":0},"end":{"line":4,"column":32}},"4":{"start":{"line":5,"column":0},"end":{"line":5,"column":64}},"5":{"start":{"line":6,"column":0},"end":{"line":6,"column":75}},"6":{"start":{"line":7,"column":0},"end":{"line":7,"column":46}},"8":{"start":{"line":9,"column":0},"end":{"line":9,"column":80}},"9":{"start":{"line":10,"column":0},"end":{"line":10,"column":33}},"10":{"start":{"line":11,"column":0},"end":{"line":11,"column":35}},"11":{"start":{"line":12,"column":0},"end":{"line":12,"column":35}},"12":{"start":{"line":13,"column":0},"end":{"line":13,"column":65}},"13":{"start":{"line":14,"column":0},"end":{"line":14,"column":76}},"14":{"start":{"line":15,"column":0},"end":{"line":15,"column":36}},"16":{"start":{"line":17,"column":0},"end":{"line":17,"column":23}},"17":{"start":{"line":18,"column":0},"end":{"line":18,"column":51}},"18":{"start":{"line":19,"column":0},"end":{"line":19,"column":17}},"19":{"start":{"line":20,"column":0},"end":{"line":20,"column":4}},"20":{"start":{"line":21,"column":0},"end":{"line":21,"column":59}},"22":{"start":{"line":23,"column":0},"end":{"line":23,"column":38}},"23":{"start":{"line":24,"column":0},"end":{"line":24,"column":15}},"24":{"start":{"line":25,"column":0},"end":{"line":25,"column":22}},"25":{"start":{"line":26,"column":0},"end":{"line":26,"column":43}},"26":{"start":{"line":27,"column":0},"end":{"line":27,"column":14}},"27":{"start":{"line":28,"column":0},"end":{"line":28,"column":38}},"28":{"start":{"line":29,"column":0},"end":{"line":29,"column":7}},"29":{"start":{"line":30,"column":0},"end":{"line":30,"column":5}},"30":{"start":{"line":31,"column":0},"end":{"line":31,"column":4}},"32":{"start":{"line":33,"column":0},"end":{"line":33,"column":10}},"33":{"start":{"line":34,"column":0},"end":{"line":34,"column":8}},"34":{"start":{"line":35,"column":0},"end":{"line":35,"column":11}},"35":{"start":{"line":36,"column":0},"end":{"line":36,"column":53}},"36":{"start":{"line":37,"column":0},"end":{"line":37,"column":19}},"37":{"start":{"line":38,"column":0},"end":{"line":38,"column":77}},"40":{"start":{"line":41,"column":0},"end":{"line":41,"column":13}},"41":{"start":{"line":42,"column":0},"end":{"line":42,"column":25}},"42":{"start":{"line":43,"column":0},"end":{"line":43,"column":14}},"43":{"start":{"line":44,"column":0},"end":{"line":44,"column":13}},"44":{"start":{"line":45,"column":0},"end":{"line":45,"column":11}},"45":{"start":{"line":46,"column":0},"end":{"line":46,"column":11}},"46":{"start":{"line":47,"column":0},"end":{"line":47,"column":41}},"47":{"start":{"line":48,"column":0},"end":{"line":48,"column":12}},"48":{"start":{"line":49,"column":0},"end":{"line":49,"column":11}},"49":{"start":{"line":50,"column":0},"end":{"line":50,"column":55}},"50":{"start":{"line":51,"column":0},"end":{"line":51,"column":12}},"51":{"start":{"line":52,"column":0},"end":{"line":52,"column":12}},"52":{"start":{"line":53,"column":0},"end":{"line":53,"column":72}},"53":{"start":{"line":54,"column":0},"end":{"line":54,"column":9}},"55":{"start":{"line":56,"column":0},"end":{"line":56,"column":1}}},"s":{"0":1,"1":1,"2":1,"3":1,"4":1,"5":1,"6":1,"8":8,"9":8,"10":8,"11":8,"12":8,"13":8,"14":8,"16":8,"17":8,"18":8,"19":8,"20":8,"22":8,"23":1,"24":1,"25":0,"26":1,"27":1,"28":1,"29":1,"30":1,"32":8,"33":8,"34":8,"35":8,"36":8,"37":8,"40":8,"41":8,"42":8,"43":8,"44":8,"45":8,"46":8,"47":8,"48":8,"49":8,"50":8,"51":8,"52":8,"53":8,"55":8},"branchMap":{"0":{"type":"branch","line":9,"loc":{"start":{"line":9,"column":0},"end":{"line":56,"column":1}},"locations":[{"start":{"line":9,"column":0},"end":{"line":56,"column":1}}]},"1":{"type":"branch","line":12,"loc":{"start":{"line":12,"column":17},"end":{"line":12,"column":35}},"locations":[{"start":{"line":12,"column":17},"end":{"line":12,"column":35}}]},"2":{"type":"branch","line":21,"loc":{"start":{"line":21,"column":20},"end":{"line":21,"column":53}},"locations":[{"start":{"line":21,"column":20},"end":{"line":21,"column":53}}]},"3":{"type":"branch","line":21,"loc":{"start":{"line":21,"column":49},"end":{"line":21,"column":59}},"locations":[{"start":{"line":21,"column":49},"end":{"line":21,"column":59}}]},"4":{"type":"branch","line":38,"loc":{"start":{"line":38,"column":59},"end":{"line":38,"column":75}},"locations":[{"start":{"line":38,"column":59},"end":{"line":38,"column":75}}]},"5":{"type":"branch","line":38,"loc":{"start":{"line":38,"column":64},"end":{"line":38,"column":77}},"locations":[{"start":{"line":38,"column":64},"end":{"line":38,"column":77}}]},"6":{"type":"branch","line":13,"loc":{"start":{"line":13,"column":31},"end":{"line":13,"column":63}},"locations":[{"start":{"line":13,"column":31},"end":{"line":13,"column":63}}]},"7":{"type":"branch","line":14,"loc":{"start":{"line":14,"column":34},"end":{"line":14,"column":74}},"locations":[{"start":{"line":14,"column":34},"end":{"line":14,"column":74}}]},"8":{"type":"branch","line":18,"loc":{"start":{"line":18,"column":4},"end":{"line":18,"column":51}},"locations":[{"start":{"line":18,"column":4},"end":{"line":18,"column":51}}]},"9":{"type":"branch","line":18,"loc":{"start":{"line":18,"column":21},"end":{"line":18,"column":49}},"locations":[{"start":{"line":18,"column":21},"end":{"line":18,"column":49}}]},"10":{"type":"branch","line":23,"loc":{"start":{"line":23,"column":31},"end":{"line":31,"column":4}},"locations":[{"start":{"line":23,"column":31},"end":{"line":31,"column":4}}]},"11":{"type":"branch","line":25,"loc":{"start":{"line":25,"column":21},"end":{"line":27,"column":13}},"locations":[{"start":{"line":25,"column":21},"end":{"line":27,"column":13}}]}},"b":{"0":[8],"1":[6],"2":[5],"3":[3],"4":[3],"5":[5],"6":[13],"7":[13],"8":[8],"9":[5],"10":[1],"11":[0]},"fnMap":{"0":{"name":"ShipItem","decl":{"start":{"line":9,"column":0},"end":{"line":56,"column":1}},"loc":{"start":{"line":9,"column":0},"end":{"line":56,"column":1}},"line":9},"1":{"name":"handleCheckboxChange","decl":{"start":{"line":23,"column":31},"end":{"line":31,"column":4}},"loc":{"start":{"line":23,"column":31},"end":{"line":31,"column":4}},"line":23}},"f":{"0":8,"1":1}}
,"D:\\IT\\React\\_PRACTICE\\RS-School-React\\src\\components\\ShipsList.tsx": {"path":"D:\\IT\\React\\_PRACTICE\\RS-School-React\\src\\components\\ShipsList.tsx","all":false,"statementMap":{"0":{"start":{"line":1,"column":0},"end":{"line":1,"column":36}},"1":{"start":{"line":2,"column":0},"end":{"line":2,"column":34}},"7":{"start":{"line":8,"column":0},"end":{"line":8,"column":62}},"8":{"start":{"line":9,"column":0},"end":{"line":9,"column":27}},"9":{"start":{"line":10,"column":0},"end":{"line":10,"column":12}},"10":{"start":{"line":11,"column":0},"end":{"line":11,"column":37}},"11":{"start":{"line":12,"column":0},"end":{"line":12,"column":35}},"12":{"start":{"line":13,"column":0},"end":{"line":13,"column":12}},"14":{"start":{"line":15,"column":0},"end":{"line":15,"column":3}},"16":{"start":{"line":17,"column":0},"end":{"line":17,"column":10}},"17":{"start":{"line":18,"column":0},"end":{"line":18,"column":8}},"18":{"start":{"line":19,"column":0},"end":{"line":19,"column":28}},"19":{"start":{"line":20,"column":0},"end":{"line":20,"column":54}},"20":{"start":{"line":21,"column":0},"end":{"line":21,"column":9}},"21":{"start":{"line":22,"column":0},"end":{"line":22,"column":9}},"23":{"start":{"line":24,"column":0},"end":{"line":24,"column":1}}},"s":{"0":1,"1":1,"7":4,"8":4,"9":1,"10":1,"11":1,"12":1,"14":1,"16":3,"17":3,"18":3,"19":4,"20":3,"21":3,"23":3},"branchMap":{"0":{"type":"branch","line":8,"loc":{"start":{"line":8,"column":0},"end":{"line":24,"column":1}},"locations":[{"start":{"line":8,"column":0},"end":{"line":24,"column":1}}]},"1":{"type":"branch","line":9,"loc":{"start":{"line":9,"column":26},"end":{"line":24,"column":1}},"locations":[{"start":{"line":9,"column":26},"end":{"line":24,"column":1}}]},"2":{"type":"branch","line":9,"loc":{"start":{"line":9,"column":26},"end":{"line":15,"column":3}},"locations":[{"start":{"line":9,"column":26},"end":{"line":15,"column":3}}]},"3":{"type":"branch","line":19,"loc":{"start":{"line":19,"column":17},"end":{"line":21,"column":7}},"locations":[{"start":{"line":19,"column":17},"end":{"line":21,"column":7}}]}},"b":{"0":[4],"1":[3],"2":[1],"3":[4]},"fnMap":{"0":{"name":"ShipsList","decl":{"start":{"line":8,"column":0},"end":{"line":24,"column":1}},"loc":{"start":{"line":8,"column":0},"end":{"line":24,"column":1}},"line":8}},"f":{"0":4}}
,"D:\\IT\\React\\_PRACTICE\\RS-School-React\\src\\components\\StarWars.tsx": {"path":"D:\\IT\\React\\_PRACTICE\\RS-School-React\\src\\components\\StarWars.tsx","all":false,"statementMap":{"0":{"start":{"line":1,"column":0},"end":{"line":1,"column":54}},"1":{"start":{"line":2,"column":0},"end":{"line":2,"column":38}},"2":{"start":{"line":3,"column":0},"end":{"line":3,"column":48}},"3":{"start":{"line":4,"column":0},"end":{"line":4,"column":42}},"4":{"start":{"line":5,"column":0},"end":{"line":5,"column":50}},"5":{"start":{"line":6,"column":0},"end":{"line":6,"column":55}},"6":{"start":{"line":7,"column":0},"end":{"line":7,"column":44}},"7":{"start":{"line":8,"column":0},"end":{"line":8,"column":58}},"8":{"start":{"line":9,"column":0},"end":{"line":9,"column":45}},"9":{"start":{"line":10,"column":0},"end":{"line":10,"column":40}},"10":{"start":{"line":11,"column":0},"end":{"line":11,"column":54}},"11":{"start":{"line":12,"column":0},"end":{"line":12,"column":48}},"12":{"start":{"line":13,"column":0},"end":{"line":13,"column":74}},"14":{"start":{"line":15,"column":0},"end":{"line":15,"column":38}},"15":{"start":{"line":16,"column":0},"end":{"line":16,"column":18}},"16":{"start":{"line":17,"column":0},"end":{"line":17,"column":4}},"18":{"start":{"line":19,"column":0},"end":{"line":19,"column":4}},"19":{"start":{"line":20,"column":0},"end":{"line":20,"column":41}},"20":{"start":{"line":21,"column":0},"end":{"line":21,"column":29}},"21":{"start":{"line":22,"column":0},"end":{"line":22,"column":33}},"23":{"start":{"line":24,"column":0},"end":{"line":24,"column":60}},"24":{"start":{"line":25,"column":0},"end":{"line":25,"column":58}},"25":{"start":{"line":26,"column":0},"end":{"line":26,"column":59}},"27":{"start":{"line":28,"column":0},"end":{"line":28,"column":71}},"28":{"start":{"line":29,"column":0},"end":{"line":29,"column":16}},"29":{"start":{"line":30,"column":0},"end":{"line":30,"column":9}},"30":{"start":{"line":31,"column":0},"end":{"line":31,"column":5}},"31":{"start":{"line":32,"column":0},"end":{"line":32,"column":36}},"33":{"start":{"line":34,"column":0},"end":{"line":34,"column":19}},"34":{"start":{"line":35,"column":0},"end":{"line":35,"column":15}},"35":{"start":{"line":36,"column":0},"end":{"line":36,"column":58}},"36":{"start":{"line":37,"column":0},"end":{"line":37,"column":43}},"37":{"start":{"line":38,"column":0},"end":{"line":38,"column":5}},"38":{"start":{"line":39,"column":0},"end":{"line":39,"column":23}},"40":{"start":{"line":41,"column":0},"end":{"line":41,"column":70}},"41":{"start":{"line":42,"column":0},"end":{"line":42,"column":42}},"42":{"start":{"line":43,"column":0},"end":{"line":43,"column":36}},"43":{"start":{"line":44,"column":0},"end":{"line":44,"column":23}},"45":{"start":{"line":46,"column":0},"end":{"line":46,"column":25}},"46":{"start":{"line":47,"column":0},"end":{"line":47,"column":22}},"47":{"start":{"line":48,"column":0},"end":{"line":48,"column":39}},"48":{"start":{"line":49,"column":0},"end":{"line":49,"column":21}},"49":{"start":{"line":50,"column":0},"end":{"line":50,"column":26}},"50":{"start":{"line":51,"column":0},"end":{"line":51,"column":24}},"51":{"start":{"line":52,"column":0},"end":{"line":52,"column":32}},"52":{"start":{"line":53,"column":0},"end":{"line":53,"column":14}},"53":{"start":{"line":54,"column":0},"end":{"line":54,"column":19}},"54":{"start":{"line":55,"column":0},"end":{"line":55,"column":7}},"55":{"start":{"line":56,"column":0},"end":{"line":56,"column":9}},"57":{"start":{"line":58,"column":0},"end":{"line":58,"column":25}},"58":{"start":{"line":59,"column":0},"end":{"line":59,"column":4}},"60":{"start":{"line":61,"column":0},"end":{"line":61,"column":61}},"61":{"start":{"line":62,"column":0},"end":{"line":62,"column":23}},"62":{"start":{"line":63,"column":0},"end":{"line":63,"column":45}},"63":{"start":{"line":64,"column":0},"end":{"line":64,"column":48}},"64":{"start":{"line":65,"column":0},"end":{"line":65,"column":32}},"66":{"start":{"line":67,"column":0},"end":{"line":67,"column":55}},"67":{"start":{"line":68,"column":0},"end":{"line":68,"column":4}},"69":{"start":{"line":70,"column":0},"end":{"line":70,"column":14}},"70":{"start":{"line":71,"column":0},"end":{"line":71,"column":35}},"71":{"start":{"line":72,"column":0},"end":{"line":72,"column":3}},"73":{"start":{"line":74,"column":0},"end":{"line":74,"column":10}},"74":{"start":{"line":75,"column":0},"end":{"line":75,"column":9}},"75":{"start":{"line":76,"column":0},"end":{"line":76,"column":32}},"76":{"start":{"line":77,"column":0},"end":{"line":77,"column":64}},"78":{"start":{"line":79,"column":0},"end":{"line":79,"column":11}},"79":{"start":{"line":80,"column":0},"end":{"line":80,"column":26}},"80":{"start":{"line":81,"column":0},"end":{"line":81,"column":12}},"81":{"start":{"line":82,"column":0},"end":{"line":82,"column":15}},"82":{"start":{"line":83,"column":0},"end":{"line":83,"column":36}},"83":{"start":{"line":84,"column":0},"end":{"line":84,"column":16}},"84":{"start":{"line":85,"column":0},"end":{"line":85,"column":15}},"85":{"start":{"line":86,"column":0},"end":{"line":86,"column":22}},"86":{"start":{"line":87,"column":0},"end":{"line":87,"column":65}},"87":{"start":{"line":88,"column":0},"end":{"line":88,"column":22}},"88":{"start":{"line":89,"column":0},"end":{"line":89,"column":16}},"90":{"start":{"line":91,"column":0},"end":{"line":91,"column":51}},"92":{"start":{"line":93,"column":0},"end":{"line":93,"column":46}},"93":{"start":{"line":94,"column":0},"end":{"line":94,"column":16}},"94":{"start":{"line":95,"column":0},"end":{"line":95,"column":11}},"96":{"start":{"line":97,"column":0},"end":{"line":97,"column":1}}},"s":{"0":1,"1":1,"2":1,"3":1,"4":1,"5":1,"6":1,"7":1,"8":1,"9":1,"10":1,"11":1,"12":1,"14":16,"15":16,"16":16,"18":16,"19":16,"20":16,"21":16,"23":16,"24":16,"25":16,"27":16,"28":16,"29":16,"30":16,"31":16,"33":16,"34":9,"35":2,"36":2,"37":2,"38":16,"40":16,"41":1,"42":1,"43":1,"45":1,"46":1,"47":1,"48":1,"49":0,"50":0,"51":0,"52":0,"53":0,"54":0,"55":1,"57":1,"58":1,"60":16,"61":0,"62":0,"63":0,"64":0,"66":0,"67":0,"69":16,"70":0,"71":0,"73":16,"74":16,"75":16,"76":16,"78":16,"79":16,"80":16,"81":16,"82":16,"83":16,"84":16,"85":16,"86":13,"87":13,"88":13,"90":3,"92":16,"93":16,"94":16,"96":16},"branchMap":{"0":{"type":"branch","line":15,"loc":{"start":{"line":15,"column":0},"end":{"line":97,"column":1}},"locations":[{"start":{"line":15,"column":0},"end":{"line":97,"column":1}}]},"1":{"type":"branch","line":26,"loc":{"start":{"line":26,"column":39},"end":{"line":26,"column":59}},"locations":[{"start":{"line":26,"column":39},"end":{"line":26,"column":59}}]},"2":{"type":"branch","line":70,"loc":{"start":{"line":70,"column":13},"end":{"line":72,"column":3}},"locations":[{"start":{"line":70,"column":13},"end":{"line":72,"column":3}}]},"3":{"type":"branch","line":77,"loc":{"start":{"line":77,"column":15},"end":{"line":77,"column":55}},"locations":[{"start":{"line":77,"column":15},"end":{"line":77,"column":55}}]},"4":{"type":"branch","line":77,"loc":{"start":{"line":77,"column":33},"end":{"line":77,"column":64}},"locations":[{"start":{"line":77,"column":33},"end":{"line":77,"column":64}}]},"5":{"type":"branch","line":86,"loc":{"start":{"line":86,"column":9},"end":{"line":89,"column":16}},"locations":[{"start":{"line":86,"column":9},"end":{"line":89,"column":16}}]},"6":{"type":"branch","line":89,"loc":{"start":{"line":89,"column":10},"end":{"line":91,"column":51}},"locations":[{"start":{"line":89,"column":10},"end":{"line":91,"column":51}}]},"7":{"type":"branch","line":91,"loc":{"start":{"line":91,"column":34},"end":{"line":91,"column":49}},"locations":[{"start":{"line":91,"column":34},"end":{"line":91,"column":49}}]},"8":{"type":"branch","line":34,"loc":{"start":{"line":34,"column":12},"end":{"line":39,"column":5}},"locations":[{"start":{"line":34,"column":12},"end":{"line":39,"column":5}}]},"9":{"type":"branch","line":35,"loc":{"start":{"line":35,"column":14},"end":{"line":38,"column":5}},"locations":[{"start":{"line":35,"column":14},"end":{"line":38,"column":5}}]},"10":{"type":"branch","line":41,"loc":{"start":{"line":41,"column":30},"end":{"line":59,"column":4}},"locations":[{"start":{"line":41,"column":30},"end":{"line":59,"column":4}}]},"11":{"type":"branch","line":46,"loc":{"start":{"line":46,"column":18},"end":{"line":56,"column":7}},"locations":[{"start":{"line":46,"column":18},"end":{"line":56,"column":7}}]},"12":{"type":"branch","line":49,"loc":{"start":{"line":49,"column":6},"end":{"line":55,"column":7}},"locations":[{"start":{"line":49,"column":6},"end":{"line":55,"column":7}}]}},"b":{"0":[16],"1":[0],"2":[0],"3":[6],"4":[10],"5":[13],"6":[3],"7":[0],"8":[9],"9":[2],"10":[1],"11":[1],"12":[0]},"fnMap":{"0":{"name":"StarWarsView","decl":{"start":{"line":15,"column":0},"end":{"line":97,"column":1}},"loc":{"start":{"line":15,"column":0},"end":{"line":97,"column":1}},"line":15},"1":{"name":"handleLeftPaneClick","decl":{"start":{"line":41,"column":30},"end":{"line":59,"column":4}},"loc":{"start":{"line":41,"column":30},"end":{"line":59,"column":4}},"line":41},"2":{"name":"onSubmit","decl":{"start":{"line":61,"column":19},"end":{"line":68,"column":4}},"loc":{"start":{"line":61,"column":19},"end":{"line":68,"column":4}},"line":61},"3":{"name":"StarWarsView.__vite_ssr_import_0__.jsxDEV.onClick","decl":{"start":{"line":77,"column":55},"end":{"line":77,"column":64}},"loc":{"start":{"line":77,"column":55},"end":{"line":77,"column":64}},"line":77}},"f":{"0":16,"1":1,"2":0,"3":0}}
,"D:\\IT\\React\\_PRACTICE\\RS-School-React\\src\\components\\ThemedDropdown.tsx": {"path":"D:\\IT\\React\\_PRACTICE\\RS-School-React\\src\\components\\ThemedDropdown.tsx","all":false,"statementMap":{"0":{"start":{"line":1,"column":0},"end":{"line":1,"column":41}},"2":{"start":{"line":3,"column":0},"end":{"line":3,"column":30}},"3":{"start":{"line":4,"column":0},"end":{"line":4,"column":41}},"5":{"start":{"line":6,"column":0},"end":{"line":6,"column":73}},"6":{"start":{"line":7,"column":0},"end":{"line":7,"column":33}},"7":{"start":{"line":8,"column":0},"end":{"line":8,"column":4}},"9":{"start":{"line":10,"column":0},"end":{"line":10,"column":10}},"10":{"start":{"line":11,"column":0},"end":{"line":11,"column":11}},"11":{"start":{"line":12,"column":0},"end":{"line":12,"column":19}},"12":{"start":{"line":13,"column":0},"end":{"line":13,"column":29}},"13":{"start":{"line":14,"column":0},"end":{"line":14,"column":37}},"15":{"start":{"line":16,"column":0},"end":{"line":16,"column":42}},"16":{"start":{"line":17,"column":0},"end":{"line":17,"column":40}},"17":{"start":{"line":18,"column":0},"end":{"line":18,"column":13}},"19":{"start":{"line":20,"column":0},"end":{"line":20,"column":2}},"21":{"start":{"line":22,"column":0},"end":{"line":22,"column":30}}},"s":{"0":1,"2":1,"3":14,"5":14,"6":1,"7":1,"9":14,"10":14,"11":14,"12":14,"13":14,"15":14,"16":14,"17":14,"19":14,"21":1},"branchMap":{"0":{"type":"branch","line":3,"loc":{"start":{"line":3,"column":23},"end":{"line":20,"column":2}},"locations":[{"start":{"line":3,"column":23},"end":{"line":20,"column":2}}]},"1":{"type":"branch","line":6,"loc":{"start":{"line":6,"column":23},"end":{"line":8,"column":4}},"locations":[{"start":{"line":6,"column":23},"end":{"line":8,"column":4}}]}},"b":{"0":[14],"1":[1]},"fnMap":{"0":{"name":"ThemedDropdown","decl":{"start":{"line":3,"column":23},"end":{"line":20,"column":2}},"loc":{"start":{"line":3,"column":23},"end":{"line":20,"column":2}},"line":3},"1":{"name":"handleChange","decl":{"start":{"line":6,"column":23},"end":{"line":8,"column":4}},"loc":{"start":{"line":6,"column":23},"end":{"line":8,"column":4}},"line":6}},"f":{"0":14,"1":1}}
,"D:\\IT\\React\\_PRACTICE\\RS-School-React\\src\\hooks\\useLocalStorage.tsx": {"path":"D:\\IT\\React\\_PRACTICE\\RS-School-React\\src\\hooks\\useLocalStorage.tsx","all":false,"statementMap":{"0":{"start":{"line":1,"column":0},"end":{"line":1,"column":44}},"2":{"start":{"line":3,"column":0},"end":{"line":3,"column":30}},"3":{"start":{"line":4,"column":0},"end":{"line":4,"column":38}},"4":{"start":{"line":5,"column":0},"end":{"line":5,"column":53}},"5":{"start":{"line":6,"column":0},"end":{"line":6,"column":3}},"6":{"start":{"line":7,"column":0},"end":{"line":7,"column":12}},"7":{"start":{"line":8,"column":0},"end":{"line":8,"column":2}},"9":{"start":{"line":10,"column":0},"end":{"line":10,"column":31}},"10":{"start":{"line":11,"column":0},"end":{"line":11,"column":58}},"12":{"start":{"line":13,"column":0},"end":{"line":13,"column":19}},"13":{"start":{"line":14,"column":0},"end":{"line":14,"column":42}},"14":{"start":{"line":15,"column":0},"end":{"line":15,"column":9}},"16":{"start":{"line":17,"column":0},"end":{"line":17,"column":54}},"17":{"start":{"line":18,"column":0},"end":{"line":18,"column":56}},"18":{"start":{"line":19,"column":0},"end":{"line":19,"column":40}},"19":{"start":{"line":20,"column":0},"end":{"line":20,"column":4}},"21":{"start":{"line":22,"column":0},"end":{"line":22,"column":41}},"22":{"start":{"line":23,"column":0},"end":{"line":23,"column":2}},"24":{"start":{"line":25,"column":0},"end":{"line":25,"column":31}}},"s":{"0":1,"2":1,"3":8,"4":8,"5":8,"6":0,"7":0,"9":1,"10":16,"12":16,"13":8,"14":16,"16":16,"17":0,"18":0,"19":0,"21":16,"22":16,"24":1},"branchMap":{"0":{"type":"branch","line":3,"loc":{"start":{"line":3,"column":23},"end":{"line":8,"column":2}},"locations":[{"start":{"line":3,"column":23},"end":{"line":8,"column":2}}]},"1":{"type":"branch","line":6,"loc":{"start":{"line":6,"column":2},"end":{"line":8,"column":2}},"locations":[{"start":{"line":6,"column":2},"end":{"line":8,"column":2}}]},"2":{"type":"branch","line":10,"loc":{"start":{"line":10,"column":24},"end":{"line":23,"column":2}},"locations":[{"start":{"line":10,"column":24},"end":{"line":23,"column":2}}]},"3":{"type":"branch","line":13,"loc":{"start":{"line":13,"column":12},"end":{"line":15,"column":5}},"locations":[{"start":{"line":13,"column":12},"end":{"line":15,"column":5}}]}},"b":{"0":[8],"1":[0],"2":[16],"3":[8]},"fnMap":{"0":{"name":"getSearchQuery","decl":{"start":{"line":3,"column":23},"end":{"line":8,"column":2}},"loc":{"start":{"line":3,"column":23},"end":{"line":8,"column":2}},"line":3},"1":{"name":"useLocalStorage","decl":{"start":{"line":10,"column":24},"end":{"line":23,"column":2}},"loc":{"start":{"line":10,"column":24},"end":{"line":23,"column":2}},"line":10},"2":{"name":"setSearchQuery","decl":{"start":{"line":17,"column":25},"end":{"line":20,"column":4}},"loc":{"start":{"line":17,"column":25},"end":{"line":20,"column":4}},"line":17}},"f":{"0":8,"1":16,"2":0}}
,"D:\\IT\\React\\_PRACTICE\\RS-School-React\\src\\hooks\\useTheme.tsx": {"path":"D:\\IT\\React\\_PRACTICE\\RS-School-React\\src\\hooks\\useTheme.tsx","all":false,"statementMap":{"0":{"start":{"line":1,"column":0},"end":{"line":1,"column":35}},"1":{"start":{"line":2,"column":0},"end":{"line":2,"column":66}},"3":{"start":{"line":4,"column":0},"end":{"line":4,"column":54}},"4":{"start":{"line":5,"column":0},"end":{"line":5,"column":43}},"5":{"start":{"line":6,"column":0},"end":{"line":6,"column":17}},"6":{"start":{"line":7,"column":0},"end":{"line":7,"column":1}}},"s":{"0":1,"1":1,"3":12,"4":12,"5":12,"6":12},"branchMap":{"0":{"type":"branch","line":4,"loc":{"start":{"line":4,"column":0},"end":{"line":7,"column":1}},"locations":[{"start":{"line":4,"column":0},"end":{"line":7,"column":1}}]}},"b":{"0":[12]},"fnMap":{"0":{"name":"useTheme","decl":{"start":{"line":4,"column":0},"end":{"line":7,"column":1}},"loc":{"start":{"line":4,"column":0},"end":{"line":7,"column":1}},"line":4}},"f":{"0":12}}
,"D:\\IT\\React\\_PRACTICE\\RS-School-React\\src\\redux\\hooks.ts": {"path":"D:\\IT\\React\\_PRACTICE\\RS-School-React\\src\\redux\\hooks.ts","all":false,"statementMap":{"0":{"start":{"line":1,"column":0},"end":{"line":1,"column":55}},"3":{"start":{"line":4,"column":0},"end":{"line":4,"column":67}},"4":{"start":{"line":5,"column":0},"end":{"line":5,"column":65}}},"s":{"0":1,"3":1,"4":1},"branchMap":{},"b":{},"fnMap":{},"f":{}}
,"D:\\IT\\React\\_PRACTICE\\RS-School-React\\src\\redux\\starShipSlice.ts": {"path":"D:\\IT\\React\\_PRACTICE\\RS-School-React\\src\\redux\\starShipSlice.ts","all":false,"statementMap":{"0":{"start":{"line":1,"column":0},"end":{"line":1,"column":62}},"3":{"start":{"line":4,"column":0},"end":{"line":4,"column":21}},"6":{"start":{"line":7,"column":0},"end":{"line":7,"column":5}},"7":{"start":{"line":8,"column":0},"end":{"line":8,"column":12}},"8":{"start":{"line":9,"column":0},"end":{"line":9,"column":20}},"9":{"start":{"line":10,"column":0},"end":{"line":10,"column":2}},"11":{"start":{"line":12,"column":0},"end":{"line":12,"column":35}},"12":{"start":{"line":13,"column":0},"end":{"line":13,"column":20}},"13":{"start":{"line":14,"column":0},"end":{"line":14,"column":15}},"14":{"start":{"line":15,"column":0},"end":{"line":15,"column":13}},"15":{"start":{"line":16,"column":0},"end":{"line":16,"column":65}},"16":{"start":{"line":17,"column":0},"end":{"line":17,"column":35}},"17":{"start":{"line":18,"column":0},"end":{"line":18,"column":6}},"18":{"start":{"line":19,"column":0},"end":{"line":19,"column":64}},"19":{"start":{"line":20,"column":0},"end":{"line":20,"column":47}},"20":{"start":{"line":21,"column":0},"end":{"line":21,"column":6}},"21":{"start":{"line":22,"column":0},"end":{"line":22,"column":67}},"22":{"start":{"line":23,"column":0},"end":{"line":23,"column":55}},"23":{"start":{"line":24,"column":0},"end":{"line":24,"column":46}},"24":{"start":{"line":25,"column":0},"end":{"line":25,"column":8}},"25":{"start":{"line":26,"column":0},"end":{"line":26,"column":6}},"26":{"start":{"line":27,"column":0},"end":{"line":27,"column":29}},"27":{"start":{"line":28,"column":0},"end":{"line":28,"column":31}},"28":{"start":{"line":29,"column":0},"end":{"line":29,"column":6}},"29":{"start":{"line":30,"column":0},"end":{"line":30,"column":4}},"30":{"start":{"line":31,"column":0},"end":{"line":31,"column":3}},"32":{"start":{"line":33,"column":0},"end":{"line":33,"column":79}},"33":{"start":{"line":34,"column":0},"end":{"line":34,"column":24}},"34":{"start":{"line":35,"column":0},"end":{"line":35,"column":37}}},"s":{"0":1,"3":1,"6":1,"7":1,"8":1,"9":1,"11":1,"12":1,"13":1,"14":1,"15":1,"16":3,"17":3,"18":1,"19":1,"20":1,"21":1,"22":1,"23":1,"24":1,"25":1,"26":1,"27":2,"28":2,"29":1,"30":1,"32":1,"33":1,"34":1},"branchMap":{"0":{"type":"branch","line":16,"loc":{"start":{"line":16,"column":18},"end":{"line":18,"column":6}},"locations":[{"start":{"line":16,"column":18},"end":{"line":18,"column":6}}]},"1":{"type":"branch","line":19,"loc":{"start":{"line":19,"column":19},"end":{"line":21,"column":6}},"locations":[{"start":{"line":19,"column":19},"end":{"line":21,"column":6}}]},"2":{"type":"branch","line":22,"loc":{"start":{"line":22,"column":24},"end":{"line":26,"column":6}},"locations":[{"start":{"line":22,"column":24},"end":{"line":26,"column":6}}]},"3":{"type":"branch","line":24,"loc":{"start":{"line":24,"column":8},"end":{"line":24,"column":46}},"locations":[{"start":{"line":24,"column":8},"end":{"line":24,"column":46}}]},"4":{"type":"branch","line":27,"loc":{"start":{"line":27,"column":17},"end":{"line":29,"column":6}},"locations":[{"start":{"line":27,"column":17},"end":{"line":29,"column":6}}]}},"b":{"0":[3],"1":[1],"2":[1],"3":[2],"4":[2]},"fnMap":{"0":{"name":"setStarships","decl":{"start":{"line":16,"column":18},"end":{"line":18,"column":6}},"loc":{"start":{"line":16,"column":18},"end":{"line":18,"column":6}},"line":16},"1":{"name":"addToSelected","decl":{"start":{"line":19,"column":19},"end":{"line":21,"column":6}},"loc":{"start":{"line":19,"column":19},"end":{"line":21,"column":6}},"line":19},"2":{"name":"deleteFromSelected","decl":{"start":{"line":22,"column":24},"end":{"line":26,"column":6}},"loc":{"start":{"line":22,"column":24},"end":{"line":26,"column":6}},"line":22},"3":{"name":"unselectAll","decl":{"start":{"line":27,"column":17},"end":{"line":29,"column":6}},"loc":{"start":{"line":27,"column":17},"end":{"line":29,"column":6}},"line":27}},"f":{"0":3,"1":1,"2":1,"3":2}}
,"D:\\IT\\React\\_PRACTICE\\RS-School-React\\src\\redux\\store.ts": {"path":"D:\\IT\\React\\_PRACTICE\\RS-School-React\\src\\redux\\store.ts","all":false,"statementMap":{"0":{"start":{"line":1,"column":0},"end":{"line":1,"column":50}},"1":{"start":{"line":2,"column":0},"end":{"line":2,"column":38}},"2":{"start":{"line":3,"column":0},"end":{"line":3,"column":46}},"4":{"start":{"line":5,"column":0},"end":{"line":5,"column":37}},"5":{"start":{"line":6,"column":0},"end":{"line":6,"column":12}},"6":{"start":{"line":7,"column":0},"end":{"line":7,"column":31}},"7":{"start":{"line":8,"column":0},"end":{"line":8,"column":51}},"8":{"start":{"line":9,"column":0},"end":{"line":9,"column":4}},"9":{"start":{"line":10,"column":0},"end":{"line":10,"column":39}},"10":{"start":{"line":11,"column":0},"end":{"line":11,"column":58}},"11":{"start":{"line":12,"column":0},"end":{"line":12,"column":3}}},"s":{"0":1,"1":1,"2":1,"4":1,"5":1,"6":1,"7":1,"8":1,"9":1,"10":7,"11":1},"branchMap":{"0":{"type":"branch","line":10,"loc":{"start":{"line":10,"column":14},"end":{"line":11,"column":58}},"locations":[{"start":{"line":10,"column":14},"end":{"line":11,"column":58}}]}},"b":{"0":[7]},"fnMap":{"0":{"name":"middleware","decl":{"start":{"line":10,"column":14},"end":{"line":11,"column":58}},"loc":{"start":{"line":10,"column":14},"end":{"line":11,"column":58}},"line":10}},"f":{"0":7}}
,"D:\\IT\\React\\_PRACTICE\\RS-School-React\\src\\redux\\swapi.ts": {"path":"D:\\IT\\React\\_PRACTICE\\RS-School-React\\src\\redux\\swapi.ts","all":false,"statementMap":{"0":{"start":{"line":1,"column":0},"end":{"line":1,"column":73}},"3":{"start":{"line":4,"column":0},"end":{"line":4,"column":38}},"4":{"start":{"line":5,"column":0},"end":{"line":5,"column":29}},"5":{"start":{"line":6,"column":0},"end":{"line":6,"column":77}},"6":{"start":{"line":7,"column":0},"end":{"line":7,"column":28}},"7":{"start":{"line":8,"column":0},"end":{"line":8,"column":32}},"13":{"start":{"line":14,"column":0},"end":{"line":14,"column":7}},"14":{"start":{"line":15,"column":0},"end":{"line":15,"column":78}},"15":{"start":{"line":16,"column":0},"end":{"line":16,"column":7}},"16":{"start":{"line":17,"column":0},"end":{"line":17,"column":64}},"17":{"start":{"line":18,"column":0},"end":{"line":18,"column":37}},"18":{"start":{"line":19,"column":0},"end":{"line":19,"column":7}},"19":{"start":{"line":20,"column":0},"end":{"line":20,"column":5}},"20":{"start":{"line":21,"column":0},"end":{"line":21,"column":3}}},"s":{"0":1,"3":1,"4":1,"5":1,"6":1,"7":7,"13":7,"14":7,"15":7,"16":7,"17":7,"18":7,"19":7,"20":1},"branchMap":{"0":{"type":"branch","line":7,"loc":{"start":{"line":7,"column":13},"end":{"line":20,"column":5}},"locations":[{"start":{"line":7,"column":13},"end":{"line":20,"column":5}}]},"1":{"type":"branch","line":15,"loc":{"start":{"line":15,"column":13},"end":{"line":15,"column":78}},"locations":[{"start":{"line":15,"column":13},"end":{"line":15,"column":78}}]},"2":{"type":"branch","line":18,"loc":{"start":{"line":18,"column":13},"end":{"line":18,"column":37}},"locations":[{"start":{"line":18,"column":13},"end":{"line":18,"column":37}}]}},"b":{"0":[7],"1":[4],"2":[2]},"fnMap":{"0":{"name":"endpoints","decl":{"start":{"line":7,"column":13},"end":{"line":20,"column":5}},"loc":{"start":{"line":7,"column":13},"end":{"line":20,"column":5}},"line":7},"1":{"name":"query","decl":{"start":{"line":15,"column":13},"end":{"line":15,"column":78}},"loc":{"start":{"line":15,"column":13},"end":{"line":15,"column":78}},"line":15},"2":{"name":"query","decl":{"start":{"line":18,"column":13},"end":{"line":18,"column":37}},"loc":{"start":{"line":18,"column":13},"end":{"line":18,"column":37}},"line":18}},"f":{"0":7,"1":4,"2":2}}
,"D:\\IT\\React\\_PRACTICE\\RS-School-React\\src\\test-utils\\renderWithContext.tsx": {"path":"D:\\IT\\React\\_PRACTICE\\RS-School-React\\src\\test-utils\\renderWithContext.tsx","all":false,"statementMap":{"0":{"start":{"line":1,"column":0},"end":{"line":1,"column":39}},"1":{"start":{"line":2,"column":0},"end":{"line":2,"column":39}},"2":{"start":{"line":3,"column":0},"end":{"line":3,"column":48}},"4":{"start":{"line":5,"column":0},"end":{"line":5,"column":67}},"5":{"start":{"line":6,"column":0},"end":{"line":6,"column":62}},"6":{"start":{"line":7,"column":0},"end":{"line":7,"column":2}}},"s":{"0":1,"1":1,"2":1,"4":1,"5":18,"6":18},"branchMap":{"0":{"type":"branch","line":5,"loc":{"start":{"line":5,"column":33},"end":{"line":7,"column":2}},"locations":[{"start":{"line":5,"column":33},"end":{"line":7,"column":2}}]}},"b":{"0":[18]},"fnMap":{"0":{"name":"renderWithContext","decl":{"start":{"line":5,"column":33},"end":{"line":7,"column":2}},"loc":{"start":{"line":5,"column":33},"end":{"line":7,"column":2}},"line":5}},"f":{"0":18}}
}
